2020-02-22 13:32:27,472 [Server thread] ERROR GottschCore | AbstractResourceManager.java:173 | Unable to locate resource /structures/treasure2/float/
2020-02-22 13:32:27,644 [Server thread] INFO GottschCore | VersionChecker.java:110 | [gottschcore] Starting version check at https://raw.githubusercontent.com/gottsch/gottsch-minecraft-GottschCore/master/GottschCore1.12.2/update.json
2020-02-22 13:32:27,716 [Server thread] INFO GottschCore | VersionChecker.java:110 | [treasure2] Starting version check at https://raw.githubusercontent.com/gottsch/gottsch-minecraft-Treasure/master/Treasure2-1.12.2/update.json
2020-02-22 13:32:31,902 [Server thread] INFO Treasure2 | SurfaceChestWorldGenerator.java:368 | CHEATER! UNCOMMON chest at coords: -344 66 -616
2020-02-22 13:32:33,198 [Server thread] INFO Treasure2 | SurfaceChestWorldGenerator.java:368 | CHEATER! COMMON chest at coords: -280 64 -552
2020-02-22 13:32:33,966 [Server thread] INFO Treasure2 | SurfaceChestWorldGenerator.java:368 | CHEATER! UNCOMMON chest at coords: -248 60 -392
2020-02-22 13:32:35,116 [Server thread] INFO Treasure2 | SurfaceChestWorldGenerator.java:368 | CHEATER! UNCOMMON chest at coords: -200 65 -312
2020-02-22 13:32:35,539 [Server thread] INFO Treasure2 | SurfaceChestWorldGenerator.java:368 | CHEATER! COMMON chest at coords: -168 63 -504
2020-02-22 13:32:36,269 [Server thread] INFO Treasure2 | WellGenerator.java:114 | CHEATER! Wishing Well at coords: -136 64 -376
2020-02-22 13:32:36,351 [Server thread] INFO Treasure2 | SurfaceChestWorldGenerator.java:368 | CHEATER! UNCOMMON chest at coords: -120 63 -632
2020-02-22 13:32:36,871 [Server thread] INFO Treasure2 | SurfaceChestWorldGenerator.java:368 | CHEATER! COMMON chest at coords: -104 65 -296
2020-02-22 13:54:28,296 [Server thread] INFO Treasure2 | SurfaceChestWorldGenerator.java:368 | CHEATER! UNCOMMON chest at coords: -360 69 -232
2020-02-22 13:55:09,673 [Server thread] INFO Treasure2 | SurfaceChestWorldGenerator.java:368 | CHEATER! COMMON chest at coords: -104 68 -200
2020-02-22 13:55:42,505 [Server thread] WARN GottschCore | LootTable.java:71 | Tried to over-fill a container
2020-02-22 13:55:42,505 [Server thread] INFO Treasure2 | SurfaceChestWorldGenerator.java:368 | CHEATER! SCARCE chest at coords: -72 65 -392
2020-02-22 15:19:08,387 [Server thread] INFO Treasure2 | SurfaceChestWorldGenerator.java:368 | CHEATER! COMMON chest at coords: -360 66 -152
2020-02-22 15:19:13,510 [Server thread] INFO Treasure2 | SurfaceChestWorldGenerator.java:368 | CHEATER! COMMON chest at coords: -264 71 -120
2020-02-22 15:19:19,438 [Server thread] INFO Treasure2 | SurfaceChestWorldGenerator.java:368 | CHEATER! UNCOMMON chest at coords: -168 73 -88
2020-02-22 15:21:26,236 [Server thread] INFO Treasure2 | SurfaceChestWorldGenerator.java:368 | CHEATER! COMMON chest at coords: -296 64 -8
2020-02-22 15:26:42,162 [Server thread] INFO Treasure2 | SurfaceChestWorldGenerator.java:368 | CHEATER! UNCOMMON chest at coords: -152 72 56
2020-02-22 15:27:54,830 [Server thread] INFO Treasure2 | SubmergedChestWorldGenerator.java:281 | CHEATER! SCARCE chest at coords: -136 50 248
2020-02-22 15:28:04,872 [Server thread] INFO Treasure2 | WellGenerator.java:114 | CHEATER! Wishing Well at coords: -104 65 56
2020-02-22 15:28:12,698 [Server thread] WARN GottschCore | LootTable.java:71 | Tried to over-fill a container
2020-02-22 15:28:12,698 [Server thread] INFO Treasure2 | SubmergedChestWorldGenerator.java:281 | CHEATER! RARE chest at coords: -242 31 382
2020-02-22 15:28:42,756 [Server thread] INFO Treasure2 | SubmergedChestWorldGenerator.java:281 | CHEATER! SCARCE chest at coords: -104 31 482
2020-02-22 15:29:03,844 [Server thread] INFO Treasure2 | SubmergedChestWorldGenerator.java:281 | CHEATER! EPIC chest at coords: -157 32 786
2020-02-22 15:29:26,037 [Server thread] WARN GottschCore | LootTable.java:71 | Tried to over-fill a container
2020-02-22 15:29:26,037 [Server thread] INFO Treasure2 | SubmergedChestWorldGenerator.java:281 | CHEATER! SCARCE chest at coords: -130 34 942
2020-02-22 15:30:12,483 [Server thread] INFO Treasure2 | SubmergedChestWorldGenerator.java:281 | CHEATER! SCARCE chest at coords: -274 39 1310
2020-02-22 15:30:24,593 [Server thread] INFO Treasure2 | SurfaceChestWorldGenerator.java:368 | CHEATER! COMMON chest at coords: -328 69 1416
2020-02-22 15:30:59,094 [Server thread] INFO Treasure2 | SubmergedChestWorldGenerator.java:281 | CHEATER! SCARCE chest at coords: -200 32 1680
2020-02-22 15:31:05,077 [Server thread] INFO Treasure2 | SubmergedChestWorldGenerator.java:281 | CHEATER! EPIC chest at coords: -316 35 1731
2020-02-22 15:31:45,387 [Server thread] INFO Treasure2 | SubmergedChestWorldGenerator.java:281 | CHEATER! RARE chest at coords: -316 33 2051
2020-02-22 15:31:49,480 [Server thread] INFO Treasure2 | SubmergedChestWorldGenerator.java:281 | CHEATER! SCARCE chest at coords: -168 32 2083
2020-02-22 15:32:09,380 [Server thread] INFO Treasure2 | SurfaceChestWorldGenerator.java:368 | CHEATER! RARE chest at coords: -328 85 2248
2020-02-22 15:32:26,758 [Server thread] INFO Treasure2 | SurfaceChestWorldGenerator.java:368 | CHEATER! COMMON chest at coords: -312 64 2376
2020-02-22 15:32:44,574 [Server thread] INFO Treasure2 | SubmergedChestWorldGenerator.java:281 | CHEATER! SCARCE chest at coords: -496 59 2452
2020-02-22 15:34:25,266 [Server thread] INFO Treasure2 | SurfaceChestWorldGenerator.java:368 | CHEATER! COMMON chest at coords: -520 92 2200
2020-02-22 15:34:46,187 [Server thread] INFO Treasure2 | SurfaceChestWorldGenerator.java:368 | CHEATER! UNCOMMON chest at coords: -440 67 2136
2020-02-22 15:35:00,095 [Server thread] INFO Treasure2 | SurfaceChestWorldGenerator.java:368 | CHEATER! COMMON chest at coords: -616 77 2264
2020-02-22 15:35:08,876 [Server thread] INFO Treasure2 | WellGenerator.java:114 | CHEATER! Wishing Well at coords: -634 88 2214
2020-02-22 15:35:22,389 [Server thread] INFO Treasure2 | SurfaceChestWorldGenerator.java:368 | CHEATER! SCARCE chest at coords: -664 70 2040
2020-02-22 15:35:36,360 [Server thread] INFO Treasure2 | SurfaceChestWorldGenerator.java:368 | CHEATER! COMMON chest at coords: -696 80 2152
2020-02-22 15:35:56,273 [Server thread] INFO Treasure2 | SurfaceChestWorldGenerator.java:368 | CHEATER! RARE chest at coords: -728 80 2232
2020-02-22 15:36:19,091 [Server thread] INFO Treasure2 | SurfaceChestWorldGenerator.java:368 | CHEATER! COMMON chest at coords: -776 68 2152
2020-02-22 15:36:27,283 [Server thread] INFO Treasure2 | SurfaceChestWorldGenerator.java:368 | CHEATER! COMMON chest at coords: -808 79 2280
2020-02-22 15:36:33,757 [Server thread] INFO Treasure2 | SurfaceChestWorldGenerator.java:368 | CHEATER! EPIC chest at coords: -840 102 2184
2020-02-22 15:36:43,495 [Server thread] INFO Treasure2 | SurfaceChestWorldGenerator.java:368 | CHEATER! COMMON chest at coords: -728 64 2344
2020-02-22 15:36:57,076 [Server thread] INFO Treasure2 | SurfaceChestWorldGenerator.java:368 | CHEATER! SCARCE chest at coords: -888 85 2088
2020-02-22 15:37:06,410 [Server thread] INFO Treasure2 | SurfaceChestWorldGenerator.java:368 | CHEATER! UNCOMMON chest at coords: -936 80 2248
2020-02-22 15:37:07,700 [Server thread] INFO Treasure2 | WellGenerator.java:114 | CHEATER! Wishing Well at coords: -890 76 2326
2020-02-22 15:37:11,494 [Server thread] INFO Treasure2 | WitherTreeWorldGenerator.java:334 | CHEATER! wither chest at coords: -888 78 2344
2020-02-22 15:37:15,139 [Server thread] INFO Treasure2 | SurfaceChestWorldGenerator.java:368 | CHEATER! COMMON chest at coords: -968 65 2104
2020-02-22 15:37:24,199 [Server thread] INFO Treasure2 | SurfaceChestWorldGenerator.java:368 | CHEATER! COMMON chest at coords: -1000 82 2296
2020-02-22 15:37:35,850 [Server thread] INFO Treasure2 | SurfaceChestWorldGenerator.java:368 | CHEATER! SCARCE chest at coords: -1016 81 2392
2020-02-22 15:37:38,934 [Server thread] INFO Treasure2 | SurfaceChestWorldGenerator.java:368 | CHEATER! RARE chest at coords: -936 76 2408
2020-02-22 15:37:44,256 [Server thread] INFO Treasure2 | SubmergedChestWorldGenerator.java:281 | CHEATER! RARE chest at coords: -797 46 2418
2020-02-22 15:38:41,800 [Server thread] INFO Treasure2 | SurfaceChestWorldGenerator.java:368 | CHEATER! COMMON chest at coords: -1064 88 2216
2020-02-22 15:38:49,260 [Server thread] INFO Treasure2 | SurfaceChestWorldGenerator.java:368 | CHEATER! COMMON chest at coords: -1080 91 2440
2020-02-22 15:39:11,282 [Server thread] INFO Treasure2 | SurfaceChestWorldGenerator.java:368 | CHEATER! SCARCE chest at coords: -1128 75 2264
2020-02-22 15:39:16,976 [Server thread] INFO Treasure2 | SurfaceChestWorldGenerator.java:368 | CHEATER! COMMON chest at coords: -1160 64 2360
2020-02-22 15:39:31,292 [Server thread] INFO Treasure2 | SurfaceChestWorldGenerator.java:368 | CHEATER! UNCOMMON chest at coords: -1016 68 2488
2020-02-22 15:39:33,689 [Server thread] INFO Treasure2 | WellGenerator.java:114 | CHEATER! Wishing Well at coords: -1192 87 2246
2020-02-22 15:39:45,226 [Server thread] INFO Treasure2 | SurfaceChestWorldGenerator.java:368 | CHEATER! COMMON chest at coords: -1224 66 2280
2020-02-22 15:39:53,731 [Server thread] INFO Treasure2 | SurfaceChestWorldGenerator.java:368 | CHEATER! UNCOMMON chest at coords: -1256 89 2392
2020-02-22 15:39:59,778 [Server thread] WARN GottschCore | LootTable.java:71 | Tried to over-fill a container
2020-02-22 15:39:59,778 [Server thread] INFO Treasure2 | SurfaceChestWorldGenerator.java:368 | CHEATER! SCARCE chest at coords: -1288 64 2328
2020-02-22 15:40:07,839 [Server thread] INFO Treasure2 | SurfaceChestWorldGenerator.java:368 | CHEATER! EPIC chest at coords: -1336 64 2472
2020-02-22 15:40:13,110 [Server thread] INFO Treasure2 | SurfaceChestWorldGenerator.java:368 | CHEATER! COMMON chest at coords: -1272 90 2536
2020-02-22 15:40:43,183 [Server thread] INFO Treasure2 | SurfaceChestWorldGenerator.java:368 | CHEATER! COMMON chest at coords: -1368 92 2280
2020-02-22 15:41:54,150 [Server thread] INFO Treasure2 | SurfaceChestWorldGenerator.java:368 | CHEATER! COMMON chest at coords: -1416 75 2408
2020-02-22 15:42:07,441 [Server thread] INFO Treasure2 | SurfaceChestWorldGenerator.java:368 | CHEATER! COMMON chest at coords: -1464 82 2280
2020-02-22 15:42:14,908 [Server thread] INFO Treasure2 | SurfaceChestWorldGenerator.java:368 | CHEATER! COMMON chest at coords: -1496 70 2424
2020-02-22 15:42:17,940 [Server thread] INFO Treasure2 | WitherTreeWorldGenerator.java:334 | CHEATER! wither chest at coords: -1512 90 2504
2020-02-22 15:42:17,950 [Server thread] INFO Treasure2 | WellGenerator.java:114 | CHEATER! Wishing Well at coords: -1512 93 2520
2020-02-22 15:42:27,828 [Server thread] INFO Treasure2 | SurfaceChestWorldGenerator.java:368 | CHEATER! SCARCE chest at coords: -1544 78 2344
2020-02-22 15:42:51,147 [Server thread] INFO Treasure2 | SurfaceChestWorldGenerator.java:368 | CHEATER! COMMON chest at coords: -1592 94 2424
2020-02-22 15:42:57,650 [Server thread] INFO Treasure2 | SurfaceChestWorldGenerator.java:368 | CHEATER! UNCOMMON chest at coords: -1624 81 2520
2020-02-22 15:43:22,726 [Server thread] INFO Treasure2 | SurfaceChestWorldGenerator.java:368 | CHEATER! COMMON chest at coords: -1448 91 2552
2020-02-22 15:43:35,009 [Server thread] INFO Treasure2 | SurfaceChestWorldGenerator.java:368 | CHEATER! UNCOMMON chest at coords: -1688 63 2568
2020-02-22 15:43:39,805 [Server thread] INFO Treasure2 | SurfaceChestWorldGenerator.java:368 | CHEATER! RARE chest at coords: -1528 74 2584
2020-02-22 15:43:48,639 [Server thread] INFO Treasure2 | SurfaceChestWorldGenerator.java:368 | CHEATER! SCARCE chest at coords: -1768 64 2424
2020-02-22 15:43:54,780 [Server thread] INFO Treasure2 | SurfaceChestWorldGenerator.java:368 | CHEATER! COMMON chest at coords: -1800 64 2536
2020-02-22 15:44:05,580 [Server thread] INFO Treasure2 | SurfaceChestWorldGenerator.java:368 | CHEATER! UNCOMMON chest at coords: -1608 74 2600
2020-02-22 15:44:12,893 [Server thread] INFO Treasure2 | WellGenerator.java:114 | CHEATER! Wishing Well at coords: -1832 63 2584
2020-02-22 15:44:30,366 [Server thread] INFO Treasure2 | SurfaceChestWorldGenerator.java:368 | CHEATER! COMMON chest at coords: -1880 70 2536
2020-02-22 15:44:42,789 [Server thread] INFO Treasure2 | SurfaceChestWorldGenerator.java:368 | CHEATER! RARE chest at coords: -1896 75 2664
2020-02-22 15:44:51,991 [Server thread] INFO Treasure2 | SurfaceChestWorldGenerator.java:368 | CHEATER! COMMON chest at coords: -1736 63 2680
2020-02-22 15:46:15,865 [Server thread] INFO Treasure2 | SubmergedChestWorldGenerator.java:281 | CHEATER! EPIC chest at coords: -1842 57 2728
2020-02-22 15:46:16,739 [Server thread] INFO Treasure2 | SurfaceChestWorldGenerator.java:368 | CHEATER! COMMON chest at coords: -1960 63 2488
2020-02-22 15:46:24,005 [Server thread] INFO Treasure2 | SurfaceChestWorldGenerator.java:368 | CHEATER! COMMON chest at coords: -1768 63 2776
2020-02-22 15:47:39,639 [Server thread] INFO Treasure2 | SurfaceChestWorldGenerator.java:368 | CHEATER! COMMON chest at coords: -1992 72 2600
2020-02-22 15:47:52,639 [Server thread] INFO Treasure2 | SurfaceChestWorldGenerator.java:368 | CHEATER! COMMON chest at coords: -2088 76 2632
2020-02-22 15:48:00,845 [Server thread] INFO Treasure2 | SubmergedChestWorldGenerator.java:281 | CHEATER! SCARCE chest at coords: -2162 50 2824
2020-02-22 15:48:02,776 [Server thread] INFO Treasure2 | WellGenerator.java:114 | CHEATER! Wishing Well at coords: -2170 73 2712
2020-02-22 15:48:06,705 [Server thread] INFO Treasure2 | SurfaceChestWorldGenerator.java:368 | CHEATER! COMMON chest at coords: -2200 72 2728
2020-02-22 15:48:15,422 [Server thread] WARN GottschCore | LootTable.java:71 | Tried to over-fill a container
2020-02-22 15:48:15,422 [Server thread] INFO Treasure2 | SurfaceChestWorldGenerator.java:368 | CHEATER! RARE chest at coords: -2168 76 2600
2020-02-22 15:48:19,304 [Server thread] INFO Treasure2 | SurfaceChestWorldGenerator.java:368 | CHEATER! COMMON chest at coords: -2264 68 2792
2020-02-22 15:48:28,999 [Server thread] INFO Treasure2 | SurfaceChestWorldGenerator.java:368 | CHEATER! EPIC chest at coords: -2280 68 2872
2020-02-22 15:50:00,252 [Server thread] INFO Treasure2 | SurfaceChestWorldGenerator.java:368 | CHEATER! UNCOMMON chest at coords: -2280 70 2952
2020-02-22 15:50:28,103 [Server thread] INFO Treasure2 | SurfaceChestWorldGenerator.java:368 | CHEATER! UNCOMMON chest at coords: -2408 69 2904
2020-02-22 15:50:38,867 [Server thread] INFO Treasure2 | SurfaceChestWorldGenerator.java:368 | CHEATER! COMMON chest at coords: -2488 64 2952
2020-02-22 15:50:47,899 [Server thread] INFO Treasure2 | SubmergedChestWorldGenerator.java:281 | CHEATER! RARE chest at coords: -2380 47 3219
2020-02-22 15:50:51,017 [Server thread] INFO Treasure2 | SurfaceChestWorldGenerator.java:368 | CHEATER! UNCOMMON chest at coords: -2456 64 3240
2020-02-22 15:50:57,423 [Server thread] INFO Treasure2 | SurfaceChestWorldGenerator.java:368 | CHEATER! COMMON chest at coords: -2536 94 3016
2020-02-22 15:50:59,479 [Server thread] INFO Treasure2 | SubmergedChestWorldGenerator.java:281 | CHEATER! SCARCE chest at coords: -2306 32 3272
2020-02-22 15:50:59,760 [Server thread] INFO Treasure2 | WellGenerator.java:114 | CHEATER! Wishing Well at coords: -2552 89 3014
2020-02-22 15:51:04,317 [Server thread] WARN GottschCore | LootTable.java:71 | Tried to over-fill a container
2020-02-22 15:51:04,317 [Server thread] INFO Treasure2 | SurfaceChestWorldGenerator.java:368 | CHEATER! SCARCE chest at coords: -2568 84 3144
2020-02-22 15:51:09,744 [Server thread] INFO Treasure2 | SurfaceChestWorldGenerator.java:368 | CHEATER! UNCOMMON chest at coords: -2584 69 3256
2020-02-22 15:51:13,993 [Server thread] INFO Treasure2 | SurfaceChestWorldGenerator.java:368 | CHEATER! COMMON chest at coords: -2552 67 3368
2020-02-22 15:52:05,108 [Server thread] INFO Treasure2 | SubmergedChestWorldGenerator.java:281 | CHEATER! EPIC chest at coords: -1992 32 3374
2020-02-22 15:52:08,369 [Server thread] INFO Treasure2 | SubmergedChestWorldGenerator.java:281 | CHEATER! SCARCE chest at coords: -2168 31 3502
2020-02-22 15:52:28,077 [Server thread] INFO Treasure2 | SubmergedChestWorldGenerator.java:281 | CHEATER! RARE chest at coords: -2189 32 3640
2020-02-22 15:52:28,118 [Server thread] INFO Treasure2 | SurfaceChestWorldGenerator.java:368 | CHEATER! COMMON chest at coords: -2088 64 3640
2020-02-22 15:52:43,079 [Server thread] INFO Treasure2 | SurfaceChestWorldGenerator.java:368 | CHEATER! UNCOMMON chest at coords: -2136 74 3720
2020-02-22 15:52:47,901 [Server thread] INFO Treasure2 | SurfaceChestWorldGenerator.java:368 | CHEATER! SCARCE chest at coords: -1912 84 3640
2020-02-22 15:52:54,299 [Server thread] WARN GottschCore | LootTable.java:71 | Tried to over-fill a container
2020-02-22 15:52:54,299 [Server thread] INFO Treasure2 | SurfaceChestWorldGenerator.java:368 | CHEATER! EPIC chest at coords: -1864 61 3576
2020-02-22 15:53:19,327 [Server thread] INFO Treasure2 | SurfaceChestWorldGenerator.java:368 | CHEATER! UNCOMMON chest at coords: -1784 67 3528
2020-02-22 15:53:31,390 [Server thread] INFO Treasure2 | WellGenerator.java:114 | CHEATER! Wishing Well at coords: -1690 63 3368
2020-02-22 15:53:31,434 [Server thread] INFO Treasure2 | SurfaceChestWorldGenerator.java:368 | CHEATER! SCARCE chest at coords: -1688 64 3432
2020-02-22 15:53:38,091 [Server thread] INFO Treasure2 | SurfaceChestWorldGenerator.java:368 | CHEATER! COMMON chest at coords: -1656 94 3544
2020-02-22 15:53:43,523 [Server thread] INFO Treasure2 | SubmergedChestWorldGenerator.java:281 | CHEATER! SCARCE chest at coords: -1728 37 3288
2020-02-22 15:53:49,495 [Server thread] INFO Treasure2 | SurfaceChestWorldGenerator.java:368 | CHEATER! UNCOMMON chest at coords: -1608 94 3416
2020-02-22 15:53:57,463 [Server thread] INFO Treasure2 | SurfaceChestWorldGenerator.java:368 | CHEATER! COMMON chest at coords: -1560 87 3256
2020-02-22 15:54:20,554 [Server thread] INFO Treasure2 | SurfaceChestWorldGenerator.java:368 | CHEATER! EPIC chest at coords: -1416 94 3160
2020-02-22 15:54:25,915 [Server thread] INFO Treasure2 | SurfaceChestWorldGenerator.java:368 | CHEATER! COMMON chest at coords: -1384 63 3272
2020-02-22 15:54:32,415 [Server thread] INFO Treasure2 | SurfaceChestWorldGenerator.java:368 | CHEATER! SCARCE chest at coords: -1336 64 3400
2020-02-22 15:54:37,875 [Server thread] INFO Treasure2 | WellGenerator.java:114 | CHEATER! Wishing Well at coords: -1306 65 3400
2020-02-22 15:54:43,165 [Server thread] INFO Treasure2 | SurfaceChestWorldGenerator.java:368 | CHEATER! COMMON chest at coords: -1256 70 3416
2020-02-22 15:54:53,111 [Server thread] INFO Treasure2 | SurfaceChestWorldGenerator.java:368 | CHEATER! UNCOMMON chest at coords: -1176 64 3304
2020-02-22 15:54:55,469 [Server thread] INFO Treasure2 | SurfaceChestWorldGenerator.java:368 | CHEATER! RARE chest at coords: -1160 79 3416
2020-02-22 15:55:03,853 [Server thread] INFO Treasure2 | SurfaceChestWorldGenerator.java:368 | CHEATER! COMMON chest at coords: -1096 75 3224
2020-02-22 15:55:06,201 [Server thread] INFO Treasure2 | SurfaceChestWorldGenerator.java:368 | CHEATER! COMMON chest at coords: -1080 66 3384
2020-02-22 15:55:11,186 [Server thread] INFO Treasure2 | SurfaceChestWorldGenerator.java:368 | CHEATER! COMMON chest at coords: -1048 67 3304
2020-02-22 15:55:13,509 [Server thread] INFO Treasure2 | SurfaceChestWorldGenerator.java:368 | CHEATER! COMMON chest at coords: -1032 95 3464
2020-02-22 15:55:20,545 [Server thread] INFO Treasure2 | SurfaceChestWorldGenerator.java:368 | CHEATER! COMMON chest at coords: -984 93 3368
2020-02-22 15:55:35,675 [Server thread] INFO Treasure2 | SurfaceChestWorldGenerator.java:368 | CHEATER! RARE chest at coords: -952 88 3464
2020-02-22 15:57:55,632 [Server thread] INFO Treasure2 | WitherTreeWorldGenerator.java:334 | CHEATER! wither chest at coords: -1176 93 3544
2020-02-22 15:57:55,800 [Server thread] INFO Treasure2 | WellGenerator.java:114 | CHEATER! Wishing Well at coords: -1034 90 3544
2020-02-22 15:57:59,798 [Server thread] INFO Treasure2 | SurfaceChestWorldGenerator.java:368 | CHEATER! COMMON chest at coords: -1080 93 3560
2020-02-22 15:58:11,994 [Server thread] INFO Treasure2 | SurfaceChestWorldGenerator.java:368 | CHEATER! SCARCE chest at coords: -1144 64 3608
2020-02-22 15:58:17,094 [Server thread] INFO Treasure2 | SurfaceChestWorldGenerator.java:368 | CHEATER! UNCOMMON chest at coords: -1240 74 3640
2020-02-22 15:58:27,605 [Server thread] INFO Treasure2 | SurfaceChestWorldGenerator.java:368 | CHEATER! COMMON chest at coords: -1304 97 3528
2020-02-22 15:58:55,588 [Server thread] INFO Treasure2 | SurfaceChestWorldGenerator.java:368 | CHEATER! UNCOMMON chest at coords: -1144 66 3704
2020-02-22 15:59:06,054 [Server thread] INFO Treasure2 | SurfaceChestWorldGenerator.java:368 | CHEATER! COMMON chest at coords: -1272 67 3736
2020-02-22 15:59:19,754 [Server thread] INFO Treasure2 | SurfaceChestWorldGenerator.java:368 | CHEATER! SCARCE chest at coords: -1320 96 3656
2020-02-22 15:59:26,467 [Server thread] INFO Treasure2 | SurfaceChestWorldGenerator.java:368 | CHEATER! RARE chest at coords: -1208 65 3800
2020-02-22 15:59:33,352 [Server thread] INFO Treasure2 | SurfaceChestWorldGenerator.java:368 | CHEATER! COMMON chest at coords: -1416 87 3656
2020-02-22 16:00:16,167 [Server thread] INFO Treasure2 | WellGenerator.java:114 | CHEATER! Wishing Well at coords: -1178 80 3846
2020-02-22 16:02:01,149 [Server thread] INFO Treasure2 | SubmergedChestWorldGenerator.java:281 | CHEATER! RARE chest at coords: -1432 48 3874
2020-02-22 16:02:13,153 [Server thread] WARN GottschCore | LootTable.java:71 | Tried to over-fill a container
2020-02-22 16:02:13,154 [Server thread] INFO Treasure2 | SubmergedChestWorldGenerator.java:281 | CHEATER! SCARCE chest at coords: -1336 31 3944
2020-02-22 16:02:32,442 [Server thread] INFO Treasure2 | SurfaceChestWorldGenerator.java:368 | CHEATER! UNCOMMON chest at coords: -1464 69 3992
2020-02-22 16:02:34,774 [Server thread] INFO Treasure2 | SubmergedChestWorldGenerator.java:281 | CHEATER! EPIC chest at coords: -1432 48 4083
2020-02-22 16:02:44,594 [Server thread] INFO Treasure2 | SurfaceChestWorldGenerator.java:368 | CHEATER! COMMON chest at coords: -1512 67 3896
2020-02-22 16:03:14,018 [Server thread] WARN GottschCore | LootTable.java:71 | Tried to over-fill a container
2020-02-22 16:03:14,018 [Server thread] INFO Treasure2 | SubmergedChestWorldGenerator.java:281 | CHEATER! SCARCE chest at coords: -1448 31 4355
2020-02-22 16:03:35,365 [Server thread] WARN GottschCore | LootTable.java:71 | Tried to over-fill a container
2020-02-22 16:03:35,365 [Server thread] INFO Treasure2 | SubmergedChestWorldGenerator.java:281 | CHEATER! RARE chest at coords: -1390 31 4464
2020-02-22 16:03:38,639 [Server thread] INFO Treasure2 | SurfaceChestWorldGenerator.java:368 | CHEATER! RARE chest at coords: -1560 82 4488
2020-02-22 16:03:51,390 [Server thread] INFO Treasure2 | SurfaceChestWorldGenerator.java:368 | CHEATER! UNCOMMON chest at coords: -1656 70 4440
2020-02-22 16:04:02,295 [Server thread] INFO Treasure2 | SurfaceChestWorldGenerator.java:368 | CHEATER! COMMON chest at coords: -1736 68 4408
2020-02-22 16:04:20,464 [Server thread] INFO Treasure2 | SurfaceChestWorldGenerator.java:368 | CHEATER! UNCOMMON chest at coords: -1784 63 4248
2020-02-22 16:04:23,189 [Server thread] INFO Treasure2 | WellGenerator.java:114 | CHEATER! Wishing Well at coords: -1544 70 4166
2020-02-22 16:04:23,214 [Server thread] INFO Treasure2 | WitherTreeWorldGenerator.java:334 | CHEATER! wither chest at coords: -1544 71 4168
2020-02-22 16:04:32,754 [Server thread] INFO Treasure2 | SurfaceChestWorldGenerator.java:368 | CHEATER! SCARCE chest at coords: -1816 69 4360
2020-02-22 16:04:47,854 [Server thread] INFO Treasure2 | SurfaceChestWorldGenerator.java:368 | CHEATER! COMMON chest at coords: -1864 64 4168
2020-02-22 16:05:42,474 [Server thread] INFO Treasure2 | SurfaceChestWorldGenerator.java:368 | CHEATER! COMMON chest at coords: -1896 65 4280
2020-02-22 16:07:26,240 [Server thread] INFO Treasure2 | SurfaceChestWorldGenerator.java:368 | CHEATER! UNCOMMON chest at coords: -1816 73 4440
2020-02-22 16:07:37,700 [Server thread] INFO Treasure2 | SurfaceChestWorldGenerator.java:368 | CHEATER! COMMON chest at coords: -1768 77 4504
2020-02-22 16:07:44,796 [Server thread] INFO Treasure2 | SurfaceChestWorldGenerator.java:368 | CHEATER! UNCOMMON chest at coords: -1928 89 4488
2020-02-22 16:08:23,946 [Server thread] INFO Treasure2 | SurfaceChestWorldGenerator.java:368 | CHEATER! RARE chest at coords: -1832 71 4552
2020-02-22 16:08:31,147 [Server thread] INFO Treasure2 | SurfaceChestWorldGenerator.java:368 | CHEATER! COMMON chest at coords: -1704 71 4584
2020-02-22 16:08:42,111 [Server thread] INFO Treasure2 | SurfaceChestWorldGenerator.java:368 | CHEATER! COMMON chest at coords: -1864 65 4632
2020-02-22 16:08:44,523 [Server thread] INFO Treasure2 | WellGenerator.java:114 | CHEATER! Wishing Well at coords: -1836 70 4644
2020-02-22 16:08:48,953 [Server thread] INFO Treasure2 | SurfaceChestWorldGenerator.java:368 | CHEATER! UNCOMMON chest at coords: -1784 66 4664
2020-02-22 16:09:19,307 [Server thread] INFO Treasure2 | SurfaceChestWorldGenerator.java:368 | CHEATER! COMMON chest at coords: -1848 82 4712
2020-02-22 16:09:24,368 [Server thread] INFO Treasure2 | SurfaceChestWorldGenerator.java:368 | CHEATER! UNCOMMON chest at coords: -1752 97 4744
2020-02-22 16:09:36,443 [Server thread] INFO Treasure2 | SurfaceChestWorldGenerator.java:368 | CHEATER! EPIC chest at coords: -1912 64 4792
2020-02-22 16:09:41,843 [Server thread] INFO Treasure2 | SurfaceChestWorldGenerator.java:368 | CHEATER! UNCOMMON chest at coords: -1800 69 4824
2020-02-22 16:09:45,097 [Server thread] INFO Treasure2 | SurfaceChestWorldGenerator.java:368 | CHEATER! SCARCE chest at coords: -2008 70 4744
2020-02-22 16:10:08,897 [Server thread] INFO Treasure2 | SurfaceChestWorldGenerator.java:368 | CHEATER! COMMON chest at coords: -2008 65 4856
2020-02-22 16:13:50,350 [Server thread] INFO Treasure2 | WitherTreeWorldGenerator.java:334 | CHEATER! wither chest at coords: -1928 85 4904
2020-02-22 16:13:50,460 [Server thread] INFO Treasure2 | WellGenerator.java:114 | CHEATER! Wishing Well at coords: -1912 90 4904
2020-02-22 16:13:52,298 [Server thread] INFO Treasure2 | SurfaceChestWorldGenerator.java:368 | CHEATER! COMMON chest at coords: -1736 66 4888
2020-02-22 16:14:06,378 [Server thread] INFO Treasure2 | SurfaceChestWorldGenerator.java:368 | CHEATER! UNCOMMON chest at coords: -1848 83 4968
2020-02-22 16:14:20,211 [Server thread] INFO Treasure2 | SurfaceChestWorldGenerator.java:368 | CHEATER! COMMON chest at coords: -1752 96 5000
2020-02-22 16:15:02,363 [Server thread] INFO Treasure2 | SurfaceChestWorldGenerator.java:368 | CHEATER! COMMON chest at coords: -1928 95 5064
2020-02-22 16:15:16,137 [Server thread] INFO Treasure2 | SurfaceChestWorldGenerator.java:368 | CHEATER! COMMON chest at coords: -1816 94 5096
2020-02-22 16:15:32,773 [Server thread] INFO Treasure2 | SurfaceChestWorldGenerator.java:368 | CHEATER! UNCOMMON chest at coords: -1992 94 5016
2020-02-22 16:15:47,925 [Server thread] INFO Treasure2 | SurfaceChestWorldGenerator.java:368 | CHEATER! SCARCE chest at coords: -1896 92 5144
2020-02-22 16:16:02,515 [Server thread] INFO Treasure2 | SurfaceChestWorldGenerator.java:368 | CHEATER! UNCOMMON chest at coords: -1816 96 5176
2020-02-22 16:16:12,577 [Server thread] INFO Treasure2 | SurfaceChestWorldGenerator.java:368 | CHEATER! RARE chest at coords: -1672 95 5080
2020-02-22 16:19:55,328 [Server thread] INFO Treasure2 | WellGenerator.java:114 | CHEATER! Wishing Well at coords: -1786 95 5192
2020-02-22 16:19:55,562 [Server thread] INFO Treasure2 | SurfaceChestWorldGenerator.java:368 | CHEATER! UNCOMMON chest at coords: -1688 95 5192
2020-02-22 16:20:09,866 [Server thread] INFO Treasure2 | SurfaceChestWorldGenerator.java:368 | CHEATER! COMMON chest at coords: -1976 95 5240
2020-02-22 16:20:14,739 [Server thread] INFO Treasure2 | SurfaceChestWorldGenerator.java:368 | CHEATER! COMMON chest at coords: -2024 94 5160
2020-02-22 16:22:36,034 [Server thread] INFO Treasure2 | SurfaceChestWorldGenerator.java:368 | CHEATER! COMMON chest at coords: -1816 93 5288
2020-02-22 16:22:56,453 [Server thread] INFO Treasure2 | SurfaceChestWorldGenerator.java:368 | CHEATER! COMMON chest at coords: -1816 64 5400
2020-02-22 16:23:03,135 [Server thread] INFO Treasure2 | SurfaceChestWorldGenerator.java:368 | CHEATER! COMMON chest at coords: -2072 64 5336
2020-02-22 16:23:12,750 [Server thread] INFO Treasure2 | SurfaceChestWorldGenerator.java:368 | CHEATER! SCARCE chest at coords: -2120 88 5112
2020-02-22 16:23:17,087 [Server thread] INFO Treasure2 | WitherTreeWorldGenerator.java:334 | CHEATER! wither chest at coords: -2040 92 5080
2020-02-22 16:23:21,412 [Server thread] INFO Treasure2 | WellGenerator.java:114 | CHEATER! Wishing Well at coords: -2136 78 5096
2020-02-22 16:23:21,561 [Server thread] INFO Treasure2 | SurfaceChestWorldGenerator.java:368 | CHEATER! UNCOMMON chest at coords: -2136 92 5224
2020-02-22 16:23:51,801 [Server thread] INFO Treasure2 | SurfaceChestWorldGenerator.java:368 | CHEATER! UNCOMMON chest at coords: -2216 63 5112
2020-02-22 16:24:36,100 [Server thread] INFO Treasure2 | SurfaceChestWorldGenerator.java:368 | CHEATER! UNCOMMON chest at coords: -2104 65 5432
2020-02-22 16:25:19,943 [Server thread] INFO Treasure2 | SurfaceChestWorldGenerator.java:368 | CHEATER! COMMON chest at coords: -2024 64 5464
2020-02-22 16:25:27,947 [Server thread] INFO Treasure2 | SurfaceChestWorldGenerator.java:368 | CHEATER! COMMON chest at coords: -2232 70 5464
2020-02-22 16:25:34,402 [Server thread] INFO Treasure2 | SurfaceChestWorldGenerator.java:368 | CHEATER! EPIC chest at coords: -2152 69 5528
2020-02-22 16:26:26,592 [Server thread] INFO Treasure2 | SurfaceChestWorldGenerator.java:368 | CHEATER! COMMON chest at coords: -2072 64 5560
2020-02-22 16:26:37,156 [Server thread] INFO Treasure2 | SurfaceChestWorldGenerator.java:368 | CHEATER! COMMON chest at coords: -1992 71 5576
2020-02-22 16:26:48,579 [Server thread] INFO Treasure2 | SurfaceChestWorldGenerator.java:368 | CHEATER! SCARCE chest at coords: -2072 114 5624
2020-02-22 16:26:48,677 [Server thread] INFO Treasure2 | WellGenerator.java:114 | CHEATER! Wishing Well at coords: -2168 81 5622
2020-02-22 16:27:06,902 [Server thread] INFO Treasure2 | SurfaceChestWorldGenerator.java:368 | CHEATER! UNCOMMON chest at coords: -2216 77 5656
2020-02-22 16:27:17,406 [Server thread] INFO Treasure2 | SurfaceChestWorldGenerator.java:368 | CHEATER! RARE chest at coords: -2120 98 5688
2020-02-22 16:27:30,272 [Server thread] INFO Treasure2 | SurfaceChestWorldGenerator.java:368 | CHEATER! UNCOMMON chest at coords: -2312 69 5512
2020-02-22 16:27:40,319 [Server thread] INFO Treasure2 | SurfaceChestWorldGenerator.java:368 | CHEATER! COMMON chest at coords: -2232 70 5736
2020-02-22 16:27:51,858 [Server thread] INFO Treasure2 | SurfaceChestWorldGenerator.java:368 | CHEATER! COMMON chest at coords: -2344 68 5768
2020-02-22 16:28:13,981 [Server thread] INFO Treasure2 | SurfaceChestWorldGenerator.java:368 | CHEATER! SCARCE chest at coords: -2184 67 5800
2020-02-22 16:28:43,143 [Server thread] INFO Treasure2 | SurfaceChestWorldGenerator.java:368 | CHEATER! COMMON chest at coords: -2392 68 5704
2020-02-22 16:28:43,310 [Server thread] INFO Treasure2 | WellGenerator.java:114 | CHEATER! Wishing Well at coords: -2394 65 5846
2020-02-22 16:28:48,449 [Server thread] WARN GottschCore | LootTable.java:71 | Tried to over-fill a container
2020-02-22 16:28:48,449 [Server thread] INFO Treasure2 | SurfaceChestWorldGenerator.java:368 | CHEATER! RARE chest at coords: -2424 64 5784
2020-02-22 16:28:53,979 [Server thread] INFO Treasure2 | SurfaceChestWorldGenerator.java:368 | CHEATER! COMMON chest at coords: -2264 68 5880
2020-02-22 16:28:58,891 [Server thread] INFO Treasure2 | SurfaceChestWorldGenerator.java:368 | CHEATER! COMMON chest at coords: -2424 67 5896
2020-02-22 16:29:05,483 [Server thread] INFO Treasure2 | SurfaceChestWorldGenerator.java:368 | CHEATER! COMMON chest at coords: -2344 69 5928
2020-02-22 16:29:11,706 [Server thread] INFO Treasure2 | SurfaceChestWorldGenerator.java:368 | CHEATER! COMMON chest at coords: -2472 64 5960
2020-02-22 16:29:22,051 [Server thread] INFO Treasure2 | SurfaceChestWorldGenerator.java:368 | CHEATER! UNCOMMON chest at coords: -2296 73 5992
2020-02-22 16:29:39,258 [Server thread] INFO Treasure2 | SurfaceChestWorldGenerator.java:368 | CHEATER! COMMON chest at coords: -2424 63 6040
2020-02-22 16:29:47,054 [Server thread] INFO Treasure2 | SurfaceChestWorldGenerator.java:368 | CHEATER! UNCOMMON chest at coords: -2488 66 6088
2020-02-22 16:29:53,627 [Server thread] INFO Treasure2 | SurfaceChestWorldGenerator.java:368 | CHEATER! COMMON chest at coords: -2312 73 6120
2020-02-22 16:29:55,488 [Server thread] INFO Treasure2 | WellGenerator.java:114 | CHEATER! Wishing Well at coords: -2522 63 5926
2020-02-22 16:30:36,458 [Server thread] INFO Treasure2 | SurfaceChestWorldGenerator.java:368 | CHEATER! UNCOMMON chest at coords: -2552 67 5880
2020-02-22 16:37:48,221 [Server thread] WARN GottschCore | LootTable.java:71 | Tried to over-fill a container
2020-02-22 16:37:48,221 [Server thread] INFO Treasure2 | SurfaceChestWorldGenerator.java:368 | CHEATER! SCARCE chest at coords: -2552 65 6152
2020-02-22 16:38:07,894 [Server thread] INFO Treasure2 | SurfaceChestWorldGenerator.java:368 | CHEATER! RARE chest at coords: -2472 64 6184
2020-02-22 16:38:23,458 [Server thread] INFO Treasure2 | SurfaceChestWorldGenerator.java:368 | CHEATER! COMMON chest at coords: -2328 70 6216
2020-02-22 16:38:32,636 [Server thread] INFO Treasure2 | SurfaceChestWorldGenerator.java:368 | CHEATER! COMMON chest at coords: -2392 70 6264
2020-02-22 16:41:01,514 [Server thread] INFO Treasure2 | SurfaceChestWorldGenerator.java:368 | CHEATER! COMMON chest at coords: -2232 68 6104
2020-02-22 16:41:12,302 [Server thread] INFO Treasure2 | SurfaceChestWorldGenerator.java:368 | CHEATER! COMMON chest at coords: -2184 72 5976
2020-02-22 17:26:27,172 [Server thread] INFO Treasure2 | SurfaceChestWorldGenerator.java:368 | CHEATER! UNCOMMON chest at coords: -2568 72 5736
2020-02-22 17:41:29,335 [Server thread] INFO Treasure2 | WellGenerator.java:114 | CHEATER! Wishing Well at coords: -2170 71 5976
2020-02-22 17:42:11,176 [Server thread] INFO Treasure2 | SurfaceChestWorldGenerator.java:368 | CHEATER! COMMON chest at coords: -2152 65 6104
2020-02-22 17:43:49,449 [Server thread] INFO Treasure2 | SurfaceChestWorldGenerator.java:368 | CHEATER! SCARCE chest at coords: -2104 60 5944
2020-02-22 18:00:42,898 [Server thread] INFO Treasure2 | SurfaceChestWorldGenerator.java:368 | CHEATER! COMMON chest at coords: -2072 66 6088
2020-02-22 18:06:49,294 [Server thread] INFO Treasure2 | SurfaceChestWorldGenerator.java:368 | CHEATER! COMMON chest at coords: -2040 64 5896
2020-02-22 18:09:35,229 [Server thread] INFO Treasure2 | SurfaceChestWorldGenerator.java:368 | CHEATER! COMMON chest at coords: -2504 79 5672
2020-02-22 18:11:12,365 [Server thread] INFO Treasure2 | SurfaceChestWorldGenerator.java:368 | CHEATER! SCARCE chest at coords: -1960 103 5992
2020-02-22 18:12:53,306 [Server thread] INFO Treasure2 | SurfaceChestWorldGenerator.java:368 | CHEATER! COMMON chest at coords: -2552 69 5608
2020-02-22 18:14:09,491 [Server thread] INFO Treasure2 | SurfaceChestWorldGenerator.java:368 | CHEATER! UNCOMMON chest at coords: -1928 109 5880
2020-02-22 18:49:55,773 [Server thread] INFO Treasure2 | SurfaceChestWorldGenerator.java:368 | CHEATER! SCARCE chest at coords: -2616 67 5832
2020-02-22 18:49:55,840 [Server thread] INFO Treasure2 | WellGenerator.java:114 | CHEATER! Wishing Well at coords: -2618 68 5896
2020-02-22 19:01:59,211 [Server thread] INFO Treasure2 | SurfaceChestWorldGenerator.java:368 | CHEATER! COMMON chest at coords: -2168 76 6216
2020-02-22 19:18:33,633 [Server thread] INFO Treasure2 | SurfaceChestWorldGenerator.java:368 | CHEATER! COMMON chest at coords: -2264 75 6264
2020-02-23 14:25:22,428 [Server thread] ERROR GottschCore | AbstractResourceManager.java:173 | Unable to locate resource /structures/treasure2/float/
2020-02-23 14:25:22,606 [Server thread] INFO GottschCore | VersionChecker.java:110 | [gottschcore] Starting version check at https://raw.githubusercontent.com/gottsch/gottsch-minecraft-GottschCore/master/GottschCore1.12.2/update.json
2020-02-23 14:25:22,682 [Server thread] INFO GottschCore | VersionChecker.java:110 | [treasure2] Starting version check at https://raw.githubusercontent.com/gottsch/gottsch-minecraft-Treasure/master/Treasure2-1.12.2/update.json
2020-02-23 16:49:03,695 [Server thread] ERROR GottschCore | AbstractResourceManager.java:173 | Unable to locate resource /structures/treasure2/float/
2020-02-23 16:49:03,916 [Server thread] INFO GottschCore | VersionChecker.java:110 | [gottschcore] Starting version check at https://raw.githubusercontent.com/gottsch/gottsch-minecraft-GottschCore/master/GottschCore1.12.2/update.json
2020-02-23 16:49:03,989 [Server thread] INFO GottschCore | VersionChecker.java:110 | [treasure2] Starting version check at https://raw.githubusercontent.com/gottsch/gottsch-minecraft-Treasure/master/Treasure2-1.12.2/update.json
2020-02-23 17:46:21,900 [Server thread] INFO Treasure2 | SurfaceChestWorldGenerator.java:368 | CHEATER! COMMON chest at coords: -2184 72 6296
2020-02-23 17:46:28,365 [Server thread] INFO Treasure2 | SurfaceChestWorldGenerator.java:368 | CHEATER! COMMON chest at coords: -2344 65 6328
2020-02-23 18:15:34,793 [Server thread] INFO Treasure2 | SurfaceChestWorldGenerator.java:368 | CHEATER! UNCOMMON chest at coords: -2072 68 5800
2020-02-23 18:34:09,123 [Server thread] WARN GottschCore | LootTable.java:71 | Tried to over-fill a container
2020-02-23 18:34:09,124 [Server thread] INFO Treasure2 | SurfaceChestWorldGenerator.java:368 | CHEATER! SCARCE chest at coords: -2248 64 6376
2020-02-23 18:34:18,166 [Server thread] INFO Treasure2 | SubmergedChestWorldGenerator.java:281 | CHEATER! SCARCE chest at coords: -2098 45 6414
2020-02-23 18:34:20,467 [Server thread] INFO Treasure2 | SurfaceChestWorldGenerator.java:368 | CHEATER! COMMON chest at coords: -2296 64 6440
2020-02-23 18:34:37,999 [Server thread] INFO Treasure2 | SurfaceChestWorldGenerator.java:368 | CHEATER! COMMON chest at coords: -2392 64 6392
2020-02-23 18:34:44,391 [Server thread] INFO Treasure2 | SurfaceChestWorldGenerator.java:368 | CHEATER! EPIC chest at coords: -2392 78 6488
2020-02-23 18:34:51,211 [Server thread] INFO Treasure2 | WitherTreeWorldGenerator.java:334 | CHEATER! wither chest at coords: -2264 81 6520
2020-02-23 18:34:51,214 [Server thread] INFO Treasure2 | WellGenerator.java:114 | CHEATER! Wishing Well at coords: -2264 81 6520
2020-02-23 18:34:51,404 [Server thread] INFO Treasure2 | SurfaceChestWorldGenerator.java:368 | CHEATER! COMMON chest at coords: -2184 68 6520
2020-02-23 18:34:58,169 [Server thread] INFO Treasure2 | SurfaceChestWorldGenerator.java:368 | CHEATER! UNCOMMON chest at coords: -2392 79 6568
2020-02-23 18:35:06,302 [Server thread] INFO Treasure2 | SurfaceChestWorldGenerator.java:368 | CHEATER! COMMON chest at coords: -2216 76 6600
2020-02-23 18:35:51,577 [Server thread] INFO Treasure2 | SurfaceChestWorldGenerator.java:368 | CHEATER! UNCOMMON chest at coords: -2472 78 6408
2020-02-23 19:05:01,555 [Server thread] INFO Treasure2 | SurfaceChestWorldGenerator.java:368 | CHEATER! COMMON chest at coords: -2616 74 6024
2020-02-23 19:05:10,166 [Server thread] INFO Treasure2 | SurfaceChestWorldGenerator.java:368 | CHEATER! UNCOMMON chest at coords: -2648 64 5896
2020-02-23 22:33:59,854 [Server thread] ERROR GottschCore | AbstractResourceManager.java:173 | Unable to locate resource /structures/treasure2/float/
2020-02-23 22:34:00,100 [Server thread] INFO GottschCore | VersionChecker.java:110 | [gottschcore] Starting version check at https://raw.githubusercontent.com/gottsch/gottsch-minecraft-GottschCore/master/GottschCore1.12.2/update.json
2020-02-23 22:34:00,277 [Server thread] INFO GottschCore | VersionChecker.java:110 | [treasure2] Starting version check at https://raw.githubusercontent.com/gottsch/gottsch-minecraft-Treasure/master/Treasure2-1.12.2/update.json
2020-02-23 22:46:12,630 [Server thread] INFO Treasure2 | SurfaceChestWorldGenerator.java:368 | CHEATER! SCARCE chest at coords: -2376 65 5528
2020-02-23 23:31:04,832 [Server thread] ERROR GottschCore | AbstractResourceManager.java:173 | Unable to locate resource /structures/treasure2/float/
2020-02-23 23:31:04,949 [Server thread] INFO GottschCore | VersionChecker.java:110 | [gottschcore] Starting version check at https://raw.githubusercontent.com/gottsch/gottsch-minecraft-GottschCore/master/GottschCore1.12.2/update.json
2020-02-23 23:31:05,025 [Server thread] INFO GottschCore | VersionChecker.java:110 | [treasure2] Starting version check at https://raw.githubusercontent.com/gottsch/gottsch-minecraft-Treasure/master/Treasure2-1.12.2/update.json
2020-02-24 16:00:50,481 [Server thread] ERROR GottschCore | AbstractResourceManager.java:173 | Unable to locate resource /structures/treasure2/float/
2020-02-24 16:00:50,688 [Server thread] INFO GottschCore | VersionChecker.java:110 | [gottschcore] Starting version check at https://raw.githubusercontent.com/gottsch/gottsch-minecraft-GottschCore/master/GottschCore1.12.2/update.json
2020-02-24 16:00:50,688 [Server thread] WARN GottschCore | VersionChecker.java:119 | Unexpected expection in data stream: 
java.net.UnknownHostException: raw.githubusercontent.com
	at java.net.AbstractPlainSocketImpl.connect(Unknown Source) ~[?:1.8.0_241]
	at java.net.PlainSocketImpl.connect(Unknown Source) ~[?:1.8.0_241]
	at java.net.SocksSocketImpl.connect(Unknown Source) ~[?:1.8.0_241]
	at java.net.Socket.connect(Unknown Source) ~[?:1.8.0_241]
	at sun.security.ssl.SSLSocketImpl.connect(Unknown Source) ~[?:1.8.0_241]
	at sun.security.ssl.BaseSSLSocketImpl.connect(Unknown Source) ~[?:1.8.0_241]
	at sun.net.NetworkClient.doConnect(Unknown Source) ~[?:1.8.0_241]
	at sun.net.www.http.HttpClient.openServer(Unknown Source) ~[?:1.8.0_241]
	at sun.net.www.http.HttpClient.openServer(Unknown Source) ~[?:1.8.0_241]
	at sun.net.www.protocol.https.HttpsClient.<init>(Unknown Source) ~[?:1.8.0_241]
	at sun.net.www.protocol.https.HttpsClient.New(Unknown Source) ~[?:1.8.0_241]
	at sun.net.www.protocol.https.AbstractDelegateHttpsURLConnection.getNewHttpClient(Unknown Source) ~[?:1.8.0_241]
	at sun.net.www.protocol.http.HttpURLConnection.plainConnect0(Unknown Source) ~[?:1.8.0_241]
	at sun.net.www.protocol.http.HttpURLConnection$6.run(Unknown Source) ~[?:1.8.0_241]
	at sun.net.www.protocol.http.HttpURLConnection$6.run(Unknown Source) ~[?:1.8.0_241]
	at java.security.AccessController.doPrivileged(Native Method) ~[?:1.8.0_241]
	at java.security.AccessController.doPrivilegedWithCombiner(Unknown Source) ~[?:1.8.0_241]
	at sun.net.www.protocol.http.HttpURLConnection.plainConnect(Unknown Source) ~[?:1.8.0_241]
	at sun.net.www.protocol.https.AbstractDelegateHttpsURLConnection.connect(Unknown Source) ~[?:1.8.0_241]
	at sun.net.www.protocol.http.HttpURLConnection.getInputStream0(Unknown Source) ~[?:1.8.0_241]
	at sun.net.www.protocol.http.HttpURLConnection.access$200(Unknown Source) ~[?:1.8.0_241]
	at sun.net.www.protocol.http.HttpURLConnection$9.run(Unknown Source) ~[?:1.8.0_241]
	at sun.net.www.protocol.http.HttpURLConnection$9.run(Unknown Source) ~[?:1.8.0_241]
	at java.security.AccessController.doPrivileged(Native Method) ~[?:1.8.0_241]
	at java.security.AccessController.doPrivilegedWithCombiner(Unknown Source) ~[?:1.8.0_241]
	at sun.net.www.protocol.http.HttpURLConnection.getInputStream(Unknown Source) ~[?:1.8.0_241]
	at sun.net.www.protocol.https.HttpsURLConnectionImpl.getInputStream(Unknown Source) ~[?:1.8.0_241]
	at java.net.URL.openStream(Unknown Source) ~[?:1.8.0_241]
	at com.someguyssoftware.gottschcore.version.VersionChecker.getVersionUsingForge(VersionChecker.java:114) [VersionChecker.class:?]
	at com.someguyssoftware.gottschcore.mod.AbstractMod.postInit(AbstractMod.java:65) [AbstractMod.class:?]
	at com.someguyssoftware.gottschcore.GottschCore.postInit(GottschCore.java:93) [GottschCore.class:?]
	at sun.reflect.NativeMethodAccessorImpl.invoke0(Native Method) ~[?:1.8.0_241]
	at sun.reflect.NativeMethodAccessorImpl.invoke(Unknown Source) ~[?:1.8.0_241]
	at sun.reflect.DelegatingMethodAccessorImpl.invoke(Unknown Source) ~[?:1.8.0_241]
	at java.lang.reflect.Method.invoke(Unknown Source) ~[?:1.8.0_241]
	at net.minecraftforge.fml.common.FMLModContainer.handleModStateEvent(FMLModContainer.java:637) [FMLModContainer.class:?]
	at sun.reflect.GeneratedMethodAccessor9.invoke(Unknown Source) ~[?:?]
	at sun.reflect.DelegatingMethodAccessorImpl.invoke(Unknown Source) ~[?:1.8.0_241]
	at java.lang.reflect.Method.invoke(Unknown Source) ~[?:1.8.0_241]
	at com.google.common.eventbus.Subscriber.invokeSubscriberMethod(Subscriber.java:91) [minecraft_server.1.12.2.jar:?]
	at com.google.common.eventbus.Subscriber$SynchronizedSubscriber.invokeSubscriberMethod(Subscriber.java:150) [minecraft_server.1.12.2.jar:?]
	at com.google.common.eventbus.Subscriber$1.run(Subscriber.java:76) [minecraft_server.1.12.2.jar:?]
	at com.google.common.util.concurrent.MoreExecutors$DirectExecutor.execute(MoreExecutors.java:399) [minecraft_server.1.12.2.jar:?]
	at com.google.common.eventbus.Subscriber.dispatchEvent(Subscriber.java:71) [minecraft_server.1.12.2.jar:?]
	at com.google.common.eventbus.Dispatcher$PerThreadQueuedDispatcher.dispatch(Dispatcher.java:116) [minecraft_server.1.12.2.jar:?]
	at com.google.common.eventbus.EventBus.post(EventBus.java:217) [minecraft_server.1.12.2.jar:?]
	at net.minecraftforge.fml.common.LoadController.sendEventToModContainer(LoadController.java:219) [LoadController.class:?]
	at net.minecraftforge.fml.common.LoadController.propogateStateMessage(LoadController.java:197) [LoadController.class:?]
	at sun.reflect.NativeMethodAccessorImpl.invoke0(Native Method) ~[?:1.8.0_241]
	at sun.reflect.NativeMethodAccessorImpl.invoke(Unknown Source) ~[?:1.8.0_241]
	at sun.reflect.DelegatingMethodAccessorImpl.invoke(Unknown Source) ~[?:1.8.0_241]
	at java.lang.reflect.Method.invoke(Unknown Source) ~[?:1.8.0_241]
	at com.google.common.eventbus.Subscriber.invokeSubscriberMethod(Subscriber.java:91) [minecraft_server.1.12.2.jar:?]
	at com.google.common.eventbus.Subscriber$SynchronizedSubscriber.invokeSubscriberMethod(Subscriber.java:150) [minecraft_server.1.12.2.jar:?]
	at com.google.common.eventbus.Subscriber$1.run(Subscriber.java:76) [minecraft_server.1.12.2.jar:?]
	at com.google.common.util.concurrent.MoreExecutors$DirectExecutor.execute(MoreExecutors.java:399) [minecraft_server.1.12.2.jar:?]
	at com.google.common.eventbus.Subscriber.dispatchEvent(Subscriber.java:71) [minecraft_server.1.12.2.jar:?]
	at com.google.common.eventbus.Dispatcher$PerThreadQueuedDispatcher.dispatch(Dispatcher.java:116) [minecraft_server.1.12.2.jar:?]
	at com.google.common.eventbus.EventBus.post(EventBus.java:217) [minecraft_server.1.12.2.jar:?]
	at net.minecraftforge.fml.common.LoadController.distributeStateMessage(LoadController.java:136) [LoadController.class:?]
	at net.minecraftforge.fml.common.Loader.initializeMods(Loader.java:754) [Loader.class:?]
	at net.minecraftforge.fml.server.FMLServerHandler.finishServerLoading(FMLServerHandler.java:108) [FMLServerHandler.class:?]
	at net.minecraftforge.fml.common.FMLCommonHandler.onServerStarted(FMLCommonHandler.java:338) [FMLCommonHandler.class:?]
	at net.minecraft.server.dedicated.DedicatedServer.func_71197_b(DedicatedServer.java:219) [nz.class:?]
	at net.minecraft.server.MinecraftServer.run(MinecraftServer.java:486) [MinecraftServer.class:?]
	at java.lang.Thread.run(Unknown Source) [?:1.8.0_241]
2020-02-24 16:00:50,689 [Server thread] WARN GottschCore | VersionChecker.java:55 | Bad URL: null
2020-02-24 16:00:50,763 [Server thread] INFO GottschCore | VersionChecker.java:110 | [treasure2] Starting version check at https://raw.githubusercontent.com/gottsch/gottsch-minecraft-Treasure/master/Treasure2-1.12.2/update.json
2020-02-24 16:00:50,764 [Server thread] WARN GottschCore | VersionChecker.java:119 | Unexpected expection in data stream: 
java.net.UnknownHostException: raw.githubusercontent.com
	at java.net.AbstractPlainSocketImpl.connect(Unknown Source) ~[?:1.8.0_241]
	at java.net.PlainSocketImpl.connect(Unknown Source) ~[?:1.8.0_241]
	at java.net.SocksSocketImpl.connect(Unknown Source) ~[?:1.8.0_241]
	at java.net.Socket.connect(Unknown Source) ~[?:1.8.0_241]
	at sun.security.ssl.SSLSocketImpl.connect(Unknown Source) ~[?:1.8.0_241]
	at sun.security.ssl.BaseSSLSocketImpl.connect(Unknown Source) ~[?:1.8.0_241]
	at sun.net.NetworkClient.doConnect(Unknown Source) ~[?:1.8.0_241]
	at sun.net.www.http.HttpClient.openServer(Unknown Source) ~[?:1.8.0_241]
	at sun.net.www.http.HttpClient.openServer(Unknown Source) ~[?:1.8.0_241]
	at sun.net.www.protocol.https.HttpsClient.<init>(Unknown Source) ~[?:1.8.0_241]
	at sun.net.www.protocol.https.HttpsClient.New(Unknown Source) ~[?:1.8.0_241]
	at sun.net.www.protocol.https.AbstractDelegateHttpsURLConnection.getNewHttpClient(Unknown Source) ~[?:1.8.0_241]
	at sun.net.www.protocol.http.HttpURLConnection.plainConnect0(Unknown Source) ~[?:1.8.0_241]
	at sun.net.www.protocol.http.HttpURLConnection$6.run(Unknown Source) ~[?:1.8.0_241]
	at sun.net.www.protocol.http.HttpURLConnection$6.run(Unknown Source) ~[?:1.8.0_241]
	at java.security.AccessController.doPrivileged(Native Method) ~[?:1.8.0_241]
	at java.security.AccessController.doPrivilegedWithCombiner(Unknown Source) ~[?:1.8.0_241]
	at sun.net.www.protocol.http.HttpURLConnection.plainConnect(Unknown Source) ~[?:1.8.0_241]
	at sun.net.www.protocol.https.AbstractDelegateHttpsURLConnection.connect(Unknown Source) ~[?:1.8.0_241]
	at sun.net.www.protocol.http.HttpURLConnection.getInputStream0(Unknown Source) ~[?:1.8.0_241]
	at sun.net.www.protocol.http.HttpURLConnection.access$200(Unknown Source) ~[?:1.8.0_241]
	at sun.net.www.protocol.http.HttpURLConnection$9.run(Unknown Source) ~[?:1.8.0_241]
	at sun.net.www.protocol.http.HttpURLConnection$9.run(Unknown Source) ~[?:1.8.0_241]
	at java.security.AccessController.doPrivileged(Native Method) ~[?:1.8.0_241]
	at java.security.AccessController.doPrivilegedWithCombiner(Unknown Source) ~[?:1.8.0_241]
	at sun.net.www.protocol.http.HttpURLConnection.getInputStream(Unknown Source) ~[?:1.8.0_241]
	at sun.net.www.protocol.https.HttpsURLConnectionImpl.getInputStream(Unknown Source) ~[?:1.8.0_241]
	at java.net.URL.openStream(Unknown Source) ~[?:1.8.0_241]
	at com.someguyssoftware.gottschcore.version.VersionChecker.getVersionUsingForge(VersionChecker.java:114) [VersionChecker.class:?]
	at com.someguyssoftware.gottschcore.mod.AbstractMod.postInit(AbstractMod.java:65) [AbstractMod.class:?]
	at com.someguyssoftware.treasure2.Treasure.postInit(Treasure.java:241) [Treasure.class:?]
	at sun.reflect.NativeMethodAccessorImpl.invoke0(Native Method) ~[?:1.8.0_241]
	at sun.reflect.NativeMethodAccessorImpl.invoke(Unknown Source) ~[?:1.8.0_241]
	at sun.reflect.DelegatingMethodAccessorImpl.invoke(Unknown Source) ~[?:1.8.0_241]
	at java.lang.reflect.Method.invoke(Unknown Source) ~[?:1.8.0_241]
	at net.minecraftforge.fml.common.FMLModContainer.handleModStateEvent(FMLModContainer.java:637) [FMLModContainer.class:?]
	at sun.reflect.GeneratedMethodAccessor9.invoke(Unknown Source) ~[?:?]
	at sun.reflect.DelegatingMethodAccessorImpl.invoke(Unknown Source) ~[?:1.8.0_241]
	at java.lang.reflect.Method.invoke(Unknown Source) ~[?:1.8.0_241]
	at com.google.common.eventbus.Subscriber.invokeSubscriberMethod(Subscriber.java:91) [minecraft_server.1.12.2.jar:?]
	at com.google.common.eventbus.Subscriber$SynchronizedSubscriber.invokeSubscriberMethod(Subscriber.java:150) [minecraft_server.1.12.2.jar:?]
	at com.google.common.eventbus.Subscriber$1.run(Subscriber.java:76) [minecraft_server.1.12.2.jar:?]
	at com.google.common.util.concurrent.MoreExecutors$DirectExecutor.execute(MoreExecutors.java:399) [minecraft_server.1.12.2.jar:?]
	at com.google.common.eventbus.Subscriber.dispatchEvent(Subscriber.java:71) [minecraft_server.1.12.2.jar:?]
	at com.google.common.eventbus.Dispatcher$PerThreadQueuedDispatcher.dispatch(Dispatcher.java:116) [minecraft_server.1.12.2.jar:?]
	at com.google.common.eventbus.EventBus.post(EventBus.java:217) [minecraft_server.1.12.2.jar:?]
	at net.minecraftforge.fml.common.LoadController.sendEventToModContainer(LoadController.java:219) [LoadController.class:?]
	at net.minecraftforge.fml.common.LoadController.propogateStateMessage(LoadController.java:197) [LoadController.class:?]
	at sun.reflect.NativeMethodAccessorImpl.invoke0(Native Method) ~[?:1.8.0_241]
	at sun.reflect.NativeMethodAccessorImpl.invoke(Unknown Source) ~[?:1.8.0_241]
	at sun.reflect.DelegatingMethodAccessorImpl.invoke(Unknown Source) ~[?:1.8.0_241]
	at java.lang.reflect.Method.invoke(Unknown Source) ~[?:1.8.0_241]
	at com.google.common.eventbus.Subscriber.invokeSubscriberMethod(Subscriber.java:91) [minecraft_server.1.12.2.jar:?]
	at com.google.common.eventbus.Subscriber$SynchronizedSubscriber.invokeSubscriberMethod(Subscriber.java:150) [minecraft_server.1.12.2.jar:?]
	at com.google.common.eventbus.Subscriber$1.run(Subscriber.java:76) [minecraft_server.1.12.2.jar:?]
	at com.google.common.util.concurrent.MoreExecutors$DirectExecutor.execute(MoreExecutors.java:399) [minecraft_server.1.12.2.jar:?]
	at com.google.common.eventbus.Subscriber.dispatchEvent(Subscriber.java:71) [minecraft_server.1.12.2.jar:?]
	at com.google.common.eventbus.Dispatcher$PerThreadQueuedDispatcher.dispatch(Dispatcher.java:116) [minecraft_server.1.12.2.jar:?]
	at com.google.common.eventbus.EventBus.post(EventBus.java:217) [minecraft_server.1.12.2.jar:?]
	at net.minecraftforge.fml.common.LoadController.distributeStateMessage(LoadController.java:136) [LoadController.class:?]
	at net.minecraftforge.fml.common.Loader.initializeMods(Loader.java:754) [Loader.class:?]
	at net.minecraftforge.fml.server.FMLServerHandler.finishServerLoading(FMLServerHandler.java:108) [FMLServerHandler.class:?]
	at net.minecraftforge.fml.common.FMLCommonHandler.onServerStarted(FMLCommonHandler.java:338) [FMLCommonHandler.class:?]
	at net.minecraft.server.dedicated.DedicatedServer.func_71197_b(DedicatedServer.java:219) [nz.class:?]
	at net.minecraft.server.MinecraftServer.run(MinecraftServer.java:486) [MinecraftServer.class:?]
	at java.lang.Thread.run(Unknown Source) [?:1.8.0_241]
2020-02-24 16:00:50,765 [Server thread] WARN GottschCore | VersionChecker.java:55 | Bad URL: 
2020-02-24 16:02:24,689 [Server thread] ERROR GottschCore | AbstractResourceManager.java:173 | Unable to locate resource /structures/treasure2/float/
2020-02-24 16:02:24,796 [Server thread] INFO GottschCore | VersionChecker.java:110 | [gottschcore] Starting version check at https://raw.githubusercontent.com/gottsch/gottsch-minecraft-GottschCore/master/GottschCore1.12.2/update.json
2020-02-24 16:02:24,861 [Server thread] INFO GottschCore | VersionChecker.java:110 | [treasure2] Starting version check at https://raw.githubusercontent.com/gottsch/gottsch-minecraft-Treasure/master/Treasure2-1.12.2/update.json
2020-02-24 16:26:38,366 [Server thread] ERROR GottschCore | AbstractResourceManager.java:173 | Unable to locate resource /structures/treasure2/float/
2020-02-24 16:26:38,523 [Server thread] INFO GottschCore | VersionChecker.java:110 | [gottschcore] Starting version check at https://raw.githubusercontent.com/gottsch/gottsch-minecraft-GottschCore/master/GottschCore1.12.2/update.json
2020-02-24 16:26:38,603 [Server thread] INFO GottschCore | VersionChecker.java:110 | [treasure2] Starting version check at https://raw.githubusercontent.com/gottsch/gottsch-minecraft-Treasure/master/Treasure2-1.12.2/update.json
2020-02-24 16:28:52,993 [Server thread] ERROR GottschCore | AbstractResourceManager.java:173 | Unable to locate resource /structures/treasure2/float/
2020-02-24 16:28:53,104 [Server thread] INFO GottschCore | VersionChecker.java:110 | [gottschcore] Starting version check at https://raw.githubusercontent.com/gottsch/gottsch-minecraft-GottschCore/master/GottschCore1.12.2/update.json
2020-02-24 16:28:53,104 [Server thread] WARN GottschCore | VersionChecker.java:119 | Unexpected expection in data stream: 
java.net.UnknownHostException: raw.githubusercontent.com
	at java.net.AbstractPlainSocketImpl.connect(Unknown Source) ~[?:1.8.0_241]
	at java.net.PlainSocketImpl.connect(Unknown Source) ~[?:1.8.0_241]
	at java.net.SocksSocketImpl.connect(Unknown Source) ~[?:1.8.0_241]
	at java.net.Socket.connect(Unknown Source) ~[?:1.8.0_241]
	at sun.security.ssl.SSLSocketImpl.connect(Unknown Source) ~[?:1.8.0_241]
	at sun.security.ssl.BaseSSLSocketImpl.connect(Unknown Source) ~[?:1.8.0_241]
	at sun.net.NetworkClient.doConnect(Unknown Source) ~[?:1.8.0_241]
	at sun.net.www.http.HttpClient.openServer(Unknown Source) ~[?:1.8.0_241]
	at sun.net.www.http.HttpClient.openServer(Unknown Source) ~[?:1.8.0_241]
	at sun.net.www.protocol.https.HttpsClient.<init>(Unknown Source) ~[?:1.8.0_241]
	at sun.net.www.protocol.https.HttpsClient.New(Unknown Source) ~[?:1.8.0_241]
	at sun.net.www.protocol.https.AbstractDelegateHttpsURLConnection.getNewHttpClient(Unknown Source) ~[?:1.8.0_241]
	at sun.net.www.protocol.http.HttpURLConnection.plainConnect0(Unknown Source) ~[?:1.8.0_241]
	at sun.net.www.protocol.http.HttpURLConnection$6.run(Unknown Source) ~[?:1.8.0_241]
	at sun.net.www.protocol.http.HttpURLConnection$6.run(Unknown Source) ~[?:1.8.0_241]
	at java.security.AccessController.doPrivileged(Native Method) ~[?:1.8.0_241]
	at java.security.AccessController.doPrivilegedWithCombiner(Unknown Source) ~[?:1.8.0_241]
	at sun.net.www.protocol.http.HttpURLConnection.plainConnect(Unknown Source) ~[?:1.8.0_241]
	at sun.net.www.protocol.https.AbstractDelegateHttpsURLConnection.connect(Unknown Source) ~[?:1.8.0_241]
	at sun.net.www.protocol.http.HttpURLConnection.getInputStream0(Unknown Source) ~[?:1.8.0_241]
	at sun.net.www.protocol.http.HttpURLConnection.access$200(Unknown Source) ~[?:1.8.0_241]
	at sun.net.www.protocol.http.HttpURLConnection$9.run(Unknown Source) ~[?:1.8.0_241]
	at sun.net.www.protocol.http.HttpURLConnection$9.run(Unknown Source) ~[?:1.8.0_241]
	at java.security.AccessController.doPrivileged(Native Method) ~[?:1.8.0_241]
	at java.security.AccessController.doPrivilegedWithCombiner(Unknown Source) ~[?:1.8.0_241]
	at sun.net.www.protocol.http.HttpURLConnection.getInputStream(Unknown Source) ~[?:1.8.0_241]
	at sun.net.www.protocol.https.HttpsURLConnectionImpl.getInputStream(Unknown Source) ~[?:1.8.0_241]
	at java.net.URL.openStream(Unknown Source) ~[?:1.8.0_241]
	at com.someguyssoftware.gottschcore.version.VersionChecker.getVersionUsingForge(VersionChecker.java:114) [VersionChecker.class:?]
	at com.someguyssoftware.gottschcore.mod.AbstractMod.postInit(AbstractMod.java:65) [AbstractMod.class:?]
	at com.someguyssoftware.gottschcore.GottschCore.postInit(GottschCore.java:93) [GottschCore.class:?]
	at sun.reflect.NativeMethodAccessorImpl.invoke0(Native Method) ~[?:1.8.0_241]
	at sun.reflect.NativeMethodAccessorImpl.invoke(Unknown Source) ~[?:1.8.0_241]
	at sun.reflect.DelegatingMethodAccessorImpl.invoke(Unknown Source) ~[?:1.8.0_241]
	at java.lang.reflect.Method.invoke(Unknown Source) ~[?:1.8.0_241]
	at net.minecraftforge.fml.common.FMLModContainer.handleModStateEvent(FMLModContainer.java:637) [FMLModContainer.class:?]
	at sun.reflect.GeneratedMethodAccessor9.invoke(Unknown Source) ~[?:?]
	at sun.reflect.DelegatingMethodAccessorImpl.invoke(Unknown Source) ~[?:1.8.0_241]
	at java.lang.reflect.Method.invoke(Unknown Source) ~[?:1.8.0_241]
	at com.google.common.eventbus.Subscriber.invokeSubscriberMethod(Subscriber.java:91) [minecraft_server.1.12.2.jar:?]
	at com.google.common.eventbus.Subscriber$SynchronizedSubscriber.invokeSubscriberMethod(Subscriber.java:150) [minecraft_server.1.12.2.jar:?]
	at com.google.common.eventbus.Subscriber$1.run(Subscriber.java:76) [minecraft_server.1.12.2.jar:?]
	at com.google.common.util.concurrent.MoreExecutors$DirectExecutor.execute(MoreExecutors.java:399) [minecraft_server.1.12.2.jar:?]
	at com.google.common.eventbus.Subscriber.dispatchEvent(Subscriber.java:71) [minecraft_server.1.12.2.jar:?]
	at com.google.common.eventbus.Dispatcher$PerThreadQueuedDispatcher.dispatch(Dispatcher.java:116) [minecraft_server.1.12.2.jar:?]
	at com.google.common.eventbus.EventBus.post(EventBus.java:217) [minecraft_server.1.12.2.jar:?]
	at net.minecraftforge.fml.common.LoadController.sendEventToModContainer(LoadController.java:219) [LoadController.class:?]
	at net.minecraftforge.fml.common.LoadController.propogateStateMessage(LoadController.java:197) [LoadController.class:?]
	at sun.reflect.NativeMethodAccessorImpl.invoke0(Native Method) ~[?:1.8.0_241]
	at sun.reflect.NativeMethodAccessorImpl.invoke(Unknown Source) ~[?:1.8.0_241]
	at sun.reflect.DelegatingMethodAccessorImpl.invoke(Unknown Source) ~[?:1.8.0_241]
	at java.lang.reflect.Method.invoke(Unknown Source) ~[?:1.8.0_241]
	at com.google.common.eventbus.Subscriber.invokeSubscriberMethod(Subscriber.java:91) [minecraft_server.1.12.2.jar:?]
	at com.google.common.eventbus.Subscriber$SynchronizedSubscriber.invokeSubscriberMethod(Subscriber.java:150) [minecraft_server.1.12.2.jar:?]
	at com.google.common.eventbus.Subscriber$1.run(Subscriber.java:76) [minecraft_server.1.12.2.jar:?]
	at com.google.common.util.concurrent.MoreExecutors$DirectExecutor.execute(MoreExecutors.java:399) [minecraft_server.1.12.2.jar:?]
	at com.google.common.eventbus.Subscriber.dispatchEvent(Subscriber.java:71) [minecraft_server.1.12.2.jar:?]
	at com.google.common.eventbus.Dispatcher$PerThreadQueuedDispatcher.dispatch(Dispatcher.java:116) [minecraft_server.1.12.2.jar:?]
	at com.google.common.eventbus.EventBus.post(EventBus.java:217) [minecraft_server.1.12.2.jar:?]
	at net.minecraftforge.fml.common.LoadController.distributeStateMessage(LoadController.java:136) [LoadController.class:?]
	at net.minecraftforge.fml.common.Loader.initializeMods(Loader.java:754) [Loader.class:?]
	at net.minecraftforge.fml.server.FMLServerHandler.finishServerLoading(FMLServerHandler.java:108) [FMLServerHandler.class:?]
	at net.minecraftforge.fml.common.FMLCommonHandler.onServerStarted(FMLCommonHandler.java:338) [FMLCommonHandler.class:?]
	at net.minecraft.server.dedicated.DedicatedServer.func_71197_b(DedicatedServer.java:219) [nz.class:?]
	at net.minecraft.server.MinecraftServer.run(MinecraftServer.java:486) [MinecraftServer.class:?]
	at java.lang.Thread.run(Unknown Source) [?:1.8.0_241]
2020-02-24 16:28:53,105 [Server thread] WARN GottschCore | VersionChecker.java:55 | Bad URL: null
2020-02-24 16:28:53,158 [Server thread] INFO GottschCore | VersionChecker.java:110 | [treasure2] Starting version check at https://raw.githubusercontent.com/gottsch/gottsch-minecraft-Treasure/master/Treasure2-1.12.2/update.json
2020-02-24 16:28:53,159 [Server thread] WARN GottschCore | VersionChecker.java:119 | Unexpected expection in data stream: 
java.net.UnknownHostException: raw.githubusercontent.com
	at java.net.AbstractPlainSocketImpl.connect(Unknown Source) ~[?:1.8.0_241]
	at java.net.PlainSocketImpl.connect(Unknown Source) ~[?:1.8.0_241]
	at java.net.SocksSocketImpl.connect(Unknown Source) ~[?:1.8.0_241]
	at java.net.Socket.connect(Unknown Source) ~[?:1.8.0_241]
	at sun.security.ssl.SSLSocketImpl.connect(Unknown Source) ~[?:1.8.0_241]
	at sun.security.ssl.BaseSSLSocketImpl.connect(Unknown Source) ~[?:1.8.0_241]
	at sun.net.NetworkClient.doConnect(Unknown Source) ~[?:1.8.0_241]
	at sun.net.www.http.HttpClient.openServer(Unknown Source) ~[?:1.8.0_241]
	at sun.net.www.http.HttpClient.openServer(Unknown Source) ~[?:1.8.0_241]
	at sun.net.www.protocol.https.HttpsClient.<init>(Unknown Source) ~[?:1.8.0_241]
	at sun.net.www.protocol.https.HttpsClient.New(Unknown Source) ~[?:1.8.0_241]
	at sun.net.www.protocol.https.AbstractDelegateHttpsURLConnection.getNewHttpClient(Unknown Source) ~[?:1.8.0_241]
	at sun.net.www.protocol.http.HttpURLConnection.plainConnect0(Unknown Source) ~[?:1.8.0_241]
	at sun.net.www.protocol.http.HttpURLConnection$6.run(Unknown Source) ~[?:1.8.0_241]
	at sun.net.www.protocol.http.HttpURLConnection$6.run(Unknown Source) ~[?:1.8.0_241]
	at java.security.AccessController.doPrivileged(Native Method) ~[?:1.8.0_241]
	at java.security.AccessController.doPrivilegedWithCombiner(Unknown Source) ~[?:1.8.0_241]
	at sun.net.www.protocol.http.HttpURLConnection.plainConnect(Unknown Source) ~[?:1.8.0_241]
	at sun.net.www.protocol.https.AbstractDelegateHttpsURLConnection.connect(Unknown Source) ~[?:1.8.0_241]
	at sun.net.www.protocol.http.HttpURLConnection.getInputStream0(Unknown Source) ~[?:1.8.0_241]
	at sun.net.www.protocol.http.HttpURLConnection.access$200(Unknown Source) ~[?:1.8.0_241]
	at sun.net.www.protocol.http.HttpURLConnection$9.run(Unknown Source) ~[?:1.8.0_241]
	at sun.net.www.protocol.http.HttpURLConnection$9.run(Unknown Source) ~[?:1.8.0_241]
	at java.security.AccessController.doPrivileged(Native Method) ~[?:1.8.0_241]
	at java.security.AccessController.doPrivilegedWithCombiner(Unknown Source) ~[?:1.8.0_241]
	at sun.net.www.protocol.http.HttpURLConnection.getInputStream(Unknown Source) ~[?:1.8.0_241]
	at sun.net.www.protocol.https.HttpsURLConnectionImpl.getInputStream(Unknown Source) ~[?:1.8.0_241]
	at java.net.URL.openStream(Unknown Source) ~[?:1.8.0_241]
	at com.someguyssoftware.gottschcore.version.VersionChecker.getVersionUsingForge(VersionChecker.java:114) [VersionChecker.class:?]
	at com.someguyssoftware.gottschcore.mod.AbstractMod.postInit(AbstractMod.java:65) [AbstractMod.class:?]
	at com.someguyssoftware.treasure2.Treasure.postInit(Treasure.java:241) [Treasure.class:?]
	at sun.reflect.NativeMethodAccessorImpl.invoke0(Native Method) ~[?:1.8.0_241]
	at sun.reflect.NativeMethodAccessorImpl.invoke(Unknown Source) ~[?:1.8.0_241]
	at sun.reflect.DelegatingMethodAccessorImpl.invoke(Unknown Source) ~[?:1.8.0_241]
	at java.lang.reflect.Method.invoke(Unknown Source) ~[?:1.8.0_241]
	at net.minecraftforge.fml.common.FMLModContainer.handleModStateEvent(FMLModContainer.java:637) [FMLModContainer.class:?]
	at sun.reflect.GeneratedMethodAccessor9.invoke(Unknown Source) ~[?:?]
	at sun.reflect.DelegatingMethodAccessorImpl.invoke(Unknown Source) ~[?:1.8.0_241]
	at java.lang.reflect.Method.invoke(Unknown Source) ~[?:1.8.0_241]
	at com.google.common.eventbus.Subscriber.invokeSubscriberMethod(Subscriber.java:91) [minecraft_server.1.12.2.jar:?]
	at com.google.common.eventbus.Subscriber$SynchronizedSubscriber.invokeSubscriberMethod(Subscriber.java:150) [minecraft_server.1.12.2.jar:?]
	at com.google.common.eventbus.Subscriber$1.run(Subscriber.java:76) [minecraft_server.1.12.2.jar:?]
	at com.google.common.util.concurrent.MoreExecutors$DirectExecutor.execute(MoreExecutors.java:399) [minecraft_server.1.12.2.jar:?]
	at com.google.common.eventbus.Subscriber.dispatchEvent(Subscriber.java:71) [minecraft_server.1.12.2.jar:?]
	at com.google.common.eventbus.Dispatcher$PerThreadQueuedDispatcher.dispatch(Dispatcher.java:116) [minecraft_server.1.12.2.jar:?]
	at com.google.common.eventbus.EventBus.post(EventBus.java:217) [minecraft_server.1.12.2.jar:?]
	at net.minecraftforge.fml.common.LoadController.sendEventToModContainer(LoadController.java:219) [LoadController.class:?]
	at net.minecraftforge.fml.common.LoadController.propogateStateMessage(LoadController.java:197) [LoadController.class:?]
	at sun.reflect.NativeMethodAccessorImpl.invoke0(Native Method) ~[?:1.8.0_241]
	at sun.reflect.NativeMethodAccessorImpl.invoke(Unknown Source) ~[?:1.8.0_241]
	at sun.reflect.DelegatingMethodAccessorImpl.invoke(Unknown Source) ~[?:1.8.0_241]
	at java.lang.reflect.Method.invoke(Unknown Source) ~[?:1.8.0_241]
	at com.google.common.eventbus.Subscriber.invokeSubscriberMethod(Subscriber.java:91) [minecraft_server.1.12.2.jar:?]
	at com.google.common.eventbus.Subscriber$SynchronizedSubscriber.invokeSubscriberMethod(Subscriber.java:150) [minecraft_server.1.12.2.jar:?]
	at com.google.common.eventbus.Subscriber$1.run(Subscriber.java:76) [minecraft_server.1.12.2.jar:?]
	at com.google.common.util.concurrent.MoreExecutors$DirectExecutor.execute(MoreExecutors.java:399) [minecraft_server.1.12.2.jar:?]
	at com.google.common.eventbus.Subscriber.dispatchEvent(Subscriber.java:71) [minecraft_server.1.12.2.jar:?]
	at com.google.common.eventbus.Dispatcher$PerThreadQueuedDispatcher.dispatch(Dispatcher.java:116) [minecraft_server.1.12.2.jar:?]
	at com.google.common.eventbus.EventBus.post(EventBus.java:217) [minecraft_server.1.12.2.jar:?]
	at net.minecraftforge.fml.common.LoadController.distributeStateMessage(LoadController.java:136) [LoadController.class:?]
	at net.minecraftforge.fml.common.Loader.initializeMods(Loader.java:754) [Loader.class:?]
	at net.minecraftforge.fml.server.FMLServerHandler.finishServerLoading(FMLServerHandler.java:108) [FMLServerHandler.class:?]
	at net.minecraftforge.fml.common.FMLCommonHandler.onServerStarted(FMLCommonHandler.java:338) [FMLCommonHandler.class:?]
	at net.minecraft.server.dedicated.DedicatedServer.func_71197_b(DedicatedServer.java:219) [nz.class:?]
	at net.minecraft.server.MinecraftServer.run(MinecraftServer.java:486) [MinecraftServer.class:?]
	at java.lang.Thread.run(Unknown Source) [?:1.8.0_241]
2020-02-24 16:28:53,159 [Server thread] WARN GottschCore | VersionChecker.java:55 | Bad URL: 
2020-02-24 17:07:04,593 [Server thread] ERROR GottschCore | AbstractResourceManager.java:173 | Unable to locate resource /structures/treasure2/float/
2020-02-24 17:07:04,789 [Server thread] INFO GottschCore | VersionChecker.java:110 | [gottschcore] Starting version check at https://raw.githubusercontent.com/gottsch/gottsch-minecraft-GottschCore/master/GottschCore1.12.2/update.json
2020-02-24 17:07:04,882 [Server thread] INFO GottschCore | VersionChecker.java:110 | [treasure2] Starting version check at https://raw.githubusercontent.com/gottsch/gottsch-minecraft-Treasure/master/Treasure2-1.12.2/update.json
2020-02-24 17:30:53,788 [Server thread] ERROR GottschCore | AbstractResourceManager.java:173 | Unable to locate resource /structures/treasure2/float/
2020-02-24 17:30:53,992 [Server thread] INFO GottschCore | VersionChecker.java:110 | [gottschcore] Starting version check at https://raw.githubusercontent.com/gottsch/gottsch-minecraft-GottschCore/master/GottschCore1.12.2/update.json
2020-02-24 17:30:54,062 [Server thread] INFO GottschCore | VersionChecker.java:110 | [treasure2] Starting version check at https://raw.githubusercontent.com/gottsch/gottsch-minecraft-Treasure/master/Treasure2-1.12.2/update.json
2020-02-24 17:43:15,055 [Server thread] ERROR GottschCore | AbstractResourceManager.java:173 | Unable to locate resource /structures/treasure2/float/
2020-02-24 17:43:15,171 [Server thread] INFO GottschCore | VersionChecker.java:110 | [gottschcore] Starting version check at https://raw.githubusercontent.com/gottsch/gottsch-minecraft-GottschCore/master/GottschCore1.12.2/update.json
2020-02-24 17:43:15,245 [Server thread] INFO GottschCore | VersionChecker.java:110 | [treasure2] Starting version check at https://raw.githubusercontent.com/gottsch/gottsch-minecraft-Treasure/master/Treasure2-1.12.2/update.json
2020-02-24 17:46:24,605 [Server thread] ERROR GottschCore | AbstractResourceManager.java:173 | Unable to locate resource /structures/treasure2/float/
2020-02-24 17:46:24,714 [Server thread] INFO GottschCore | VersionChecker.java:110 | [gottschcore] Starting version check at https://raw.githubusercontent.com/gottsch/gottsch-minecraft-GottschCore/master/GottschCore1.12.2/update.json
2020-02-24 17:46:24,781 [Server thread] INFO GottschCore | VersionChecker.java:110 | [treasure2] Starting version check at https://raw.githubusercontent.com/gottsch/gottsch-minecraft-Treasure/master/Treasure2-1.12.2/update.json
2020-02-24 18:34:17,889 [Server thread] ERROR GottschCore | AbstractResourceManager.java:173 | Unable to locate resource /structures/treasure2/float/
2020-02-24 18:34:17,995 [Server thread] INFO GottschCore | VersionChecker.java:110 | [gottschcore] Starting version check at https://raw.githubusercontent.com/gottsch/gottsch-minecraft-GottschCore/master/GottschCore1.12.2/update.json
2020-02-24 18:34:18,067 [Server thread] INFO GottschCore | VersionChecker.java:110 | [treasure2] Starting version check at https://raw.githubusercontent.com/gottsch/gottsch-minecraft-Treasure/master/Treasure2-1.12.2/update.json
2020-02-24 18:39:38,900 [Server thread] ERROR GottschCore | AbstractResourceManager.java:173 | Unable to locate resource /structures/treasure2/float/
2020-02-24 18:39:39,047 [Server thread] INFO GottschCore | VersionChecker.java:110 | [gottschcore] Starting version check at https://raw.githubusercontent.com/gottsch/gottsch-minecraft-GottschCore/master/GottschCore1.12.2/update.json
2020-02-24 18:39:39,152 [Server thread] INFO GottschCore | VersionChecker.java:110 | [treasure2] Starting version check at https://raw.githubusercontent.com/gottsch/gottsch-minecraft-Treasure/master/Treasure2-1.12.2/update.json
2020-02-24 18:55:11,088 [Server thread] INFO Treasure2 | SurfaceChestWorldGenerator.java:368 | CHEATER! UNCOMMON chest at coords: -2616 64 6216
2020-02-24 19:29:40,593 [Server thread] INFO Treasure2 | SurfaceChestWorldGenerator.java:368 | CHEATER! COMMON chest at coords: -2152 68 6648
2020-02-24 19:29:54,852 [Server thread] INFO Treasure2 | WellGenerator.java:114 | CHEATER! Wishing Well at coords: -2202 76 6664
2020-02-24 19:29:55,095 [Server thread] INFO Treasure2 | SurfaceChestWorldGenerator.java:368 | CHEATER! UNCOMMON chest at coords: -2024 84 6664
2020-02-24 19:38:40,659 [Server thread] INFO Treasure2 | SurfaceChestWorldGenerator.java:368 | CHEATER! COMMON chest at coords: -2280 78 6696
2020-02-24 19:38:50,211 [Server thread] INFO Treasure2 | SurfaceChestWorldGenerator.java:368 | CHEATER! UNCOMMON chest at coords: -2104 65 6712
2020-02-24 19:39:02,873 [Server thread] INFO Treasure2 | SurfaceChestWorldGenerator.java:368 | CHEATER! SCARCE chest at coords: -2216 79 6760
2020-02-24 22:19:39,319 [Server thread] ERROR GottschCore | AbstractResourceManager.java:173 | Unable to locate resource /structures/treasure2/float/
2020-02-24 22:19:39,440 [Server thread] INFO GottschCore | VersionChecker.java:110 | [gottschcore] Starting version check at https://raw.githubusercontent.com/gottsch/gottsch-minecraft-GottschCore/master/GottschCore1.12.2/update.json
2020-02-24 22:19:39,517 [Server thread] INFO GottschCore | VersionChecker.java:110 | [treasure2] Starting version check at https://raw.githubusercontent.com/gottsch/gottsch-minecraft-Treasure/master/Treasure2-1.12.2/update.json
2020-02-24 23:14:14,637 [Server thread] ERROR GottschCore | AbstractResourceManager.java:173 | Unable to locate resource /structures/treasure2/float/
2020-02-24 23:14:14,747 [Server thread] INFO GottschCore | VersionChecker.java:110 | [gottschcore] Starting version check at https://raw.githubusercontent.com/gottsch/gottsch-minecraft-GottschCore/master/GottschCore1.12.2/update.json
2020-02-24 23:14:14,867 [Server thread] INFO GottschCore | VersionChecker.java:110 | [treasure2] Starting version check at https://raw.githubusercontent.com/gottsch/gottsch-minecraft-Treasure/master/Treasure2-1.12.2/update.json
2020-02-24 23:21:45,193 [Server thread] INFO Treasure2 | SurfaceChestWorldGenerator.java:368 | CHEATER! EPIC chest at coords: -2664 63 5960
2020-02-25 00:06:33,233 [Server thread] ERROR GottschCore | AbstractResourceManager.java:173 | Unable to locate resource /structures/treasure2/float/
2020-02-25 00:06:33,352 [Server thread] INFO GottschCore | VersionChecker.java:110 | [gottschcore] Starting version check at https://raw.githubusercontent.com/gottsch/gottsch-minecraft-GottschCore/master/GottschCore1.12.2/update.json
2020-02-25 00:06:33,419 [Server thread] INFO GottschCore | VersionChecker.java:110 | [treasure2] Starting version check at https://raw.githubusercontent.com/gottsch/gottsch-minecraft-Treasure/master/Treasure2-1.12.2/update.json
2020-02-25 00:13:00,502 [Server thread] ERROR GottschCore | AbstractResourceManager.java:173 | Unable to locate resource /structures/treasure2/float/
2020-02-25 00:13:00,625 [Server thread] INFO GottschCore | VersionChecker.java:110 | [gottschcore] Starting version check at https://raw.githubusercontent.com/gottsch/gottsch-minecraft-GottschCore/master/GottschCore1.12.2/update.json
2020-02-25 00:13:00,804 [Server thread] INFO GottschCore | VersionChecker.java:110 | [treasure2] Starting version check at https://raw.githubusercontent.com/gottsch/gottsch-minecraft-Treasure/master/Treasure2-1.12.2/update.json
2020-02-25 00:15:28,657 [Server thread] ERROR GottschCore | AbstractResourceManager.java:173 | Unable to locate resource /structures/treasure2/float/
2020-02-25 00:15:28,771 [Server thread] INFO GottschCore | VersionChecker.java:110 | [gottschcore] Starting version check at https://raw.githubusercontent.com/gottsch/gottsch-minecraft-GottschCore/master/GottschCore1.12.2/update.json
2020-02-25 00:15:28,853 [Server thread] INFO GottschCore | VersionChecker.java:110 | [treasure2] Starting version check at https://raw.githubusercontent.com/gottsch/gottsch-minecraft-Treasure/master/Treasure2-1.12.2/update.json
2020-02-25 00:16:44,357 [Server thread] WARN GottschCore | LootTable.java:71 | Tried to over-fill a container
2020-02-25 00:16:44,357 [Server thread] INFO Treasure2 | SubmergedChestWorldGenerator.java:281 | CHEATER! RARE chest at coords: -456 53 -60
2020-02-25 00:23:15,390 [Server thread] ERROR GottschCore | AbstractResourceManager.java:173 | Unable to locate resource /structures/treasure2/float/
2020-02-25 00:23:15,502 [Server thread] INFO GottschCore | VersionChecker.java:110 | [gottschcore] Starting version check at https://raw.githubusercontent.com/gottsch/gottsch-minecraft-GottschCore/master/GottschCore1.12.2/update.json
2020-02-25 00:23:15,572 [Server thread] INFO GottschCore | VersionChecker.java:110 | [treasure2] Starting version check at https://raw.githubusercontent.com/gottsch/gottsch-minecraft-Treasure/master/Treasure2-1.12.2/update.json
2020-02-25 00:27:27,308 [Server thread] ERROR GottschCore | AbstractResourceManager.java:173 | Unable to locate resource /structures/treasure2/float/
2020-02-25 00:27:27,428 [Server thread] INFO GottschCore | VersionChecker.java:110 | [gottschcore] Starting version check at https://raw.githubusercontent.com/gottsch/gottsch-minecraft-GottschCore/master/GottschCore1.12.2/update.json
2020-02-25 00:27:27,499 [Server thread] INFO GottschCore | VersionChecker.java:110 | [treasure2] Starting version check at https://raw.githubusercontent.com/gottsch/gottsch-minecraft-Treasure/master/Treasure2-1.12.2/update.json
2020-02-25 00:28:50,781 [Server thread] INFO Treasure2 | SurfaceChestWorldGenerator.java:368 | CHEATER! COMMON chest at coords: -56 65 -392
2020-02-25 00:30:27,238 [Server thread] INFO Treasure2 | SurfaceChestWorldGenerator.java:368 | CHEATER! UNCOMMON chest at coords: -24 71 -232
2020-02-25 00:31:16,397 [Server thread] INFO Treasure2 | SurfaceChestWorldGenerator.java:368 | CHEATER! RARE chest at coords: -216 63 -664
2020-02-25 00:38:54,217 [Server thread] ERROR GottschCore | AbstractResourceManager.java:173 | Unable to locate resource /structures/treasure2/float/
2020-02-25 00:38:54,326 [Server thread] INFO GottschCore | VersionChecker.java:110 | [gottschcore] Starting version check at https://raw.githubusercontent.com/gottsch/gottsch-minecraft-GottschCore/master/GottschCore1.12.2/update.json
2020-02-25 00:38:54,397 [Server thread] INFO GottschCore | VersionChecker.java:110 | [treasure2] Starting version check at https://raw.githubusercontent.com/gottsch/gottsch-minecraft-Treasure/master/Treasure2-1.12.2/update.json
2020-02-25 01:12:26,297 [Server thread] ERROR GottschCore | AbstractResourceManager.java:173 | Unable to locate resource /structures/treasure2/float/
2020-02-25 01:12:26,410 [Server thread] INFO GottschCore | VersionChecker.java:110 | [gottschcore] Starting version check at https://raw.githubusercontent.com/gottsch/gottsch-minecraft-GottschCore/master/GottschCore1.12.2/update.json
2020-02-25 01:12:26,480 [Server thread] INFO GottschCore | VersionChecker.java:110 | [treasure2] Starting version check at https://raw.githubusercontent.com/gottsch/gottsch-minecraft-Treasure/master/Treasure2-1.12.2/update.json
2020-02-25 01:19:38,512 [Server thread] ERROR GottschCore | AbstractResourceManager.java:173 | Unable to locate resource /structures/treasure2/float/
2020-02-25 01:19:38,625 [Server thread] INFO GottschCore | VersionChecker.java:110 | [gottschcore] Starting version check at https://raw.githubusercontent.com/gottsch/gottsch-minecraft-GottschCore/master/GottschCore1.12.2/update.json
2020-02-25 01:19:38,694 [Server thread] INFO GottschCore | VersionChecker.java:110 | [treasure2] Starting version check at https://raw.githubusercontent.com/gottsch/gottsch-minecraft-Treasure/master/Treasure2-1.12.2/update.json
2020-02-25 12:28:58,042 [Server thread] ERROR GottschCore | AbstractResourceManager.java:173 | Unable to locate resource /structures/treasure2/float/
2020-02-25 12:28:58,285 [Server thread] INFO GottschCore | VersionChecker.java:110 | [gottschcore] Starting version check at https://raw.githubusercontent.com/gottsch/gottsch-minecraft-GottschCore/master/GottschCore1.12.2/update.json
2020-02-25 12:28:58,365 [Server thread] INFO GottschCore | VersionChecker.java:110 | [treasure2] Starting version check at https://raw.githubusercontent.com/gottsch/gottsch-minecraft-Treasure/master/Treasure2-1.12.2/update.json
2020-02-25 12:32:46,136 [Server thread] ERROR GottschCore | AbstractResourceManager.java:173 | Unable to locate resource /structures/treasure2/float/
2020-02-25 12:32:46,272 [Server thread] INFO GottschCore | VersionChecker.java:110 | [gottschcore] Starting version check at https://raw.githubusercontent.com/gottsch/gottsch-minecraft-GottschCore/master/GottschCore1.12.2/update.json
2020-02-25 12:32:46,353 [Server thread] INFO GottschCore | VersionChecker.java:110 | [treasure2] Starting version check at https://raw.githubusercontent.com/gottsch/gottsch-minecraft-Treasure/master/Treasure2-1.12.2/update.json
2020-02-25 12:37:37,363 [Server thread] ERROR GottschCore | AbstractResourceManager.java:173 | Unable to locate resource /structures/treasure2/float/
2020-02-25 12:37:37,471 [Server thread] INFO GottschCore | VersionChecker.java:110 | [gottschcore] Starting version check at https://raw.githubusercontent.com/gottsch/gottsch-minecraft-GottschCore/master/GottschCore1.12.2/update.json
2020-02-25 12:37:37,540 [Server thread] INFO GottschCore | VersionChecker.java:110 | [treasure2] Starting version check at https://raw.githubusercontent.com/gottsch/gottsch-minecraft-Treasure/master/Treasure2-1.12.2/update.json
2020-02-25 12:44:22,560 [Server thread] ERROR GottschCore | AbstractResourceManager.java:173 | Unable to locate resource /structures/treasure2/float/
2020-02-25 12:44:22,701 [Server thread] INFO GottschCore | VersionChecker.java:110 | [gottschcore] Starting version check at https://raw.githubusercontent.com/gottsch/gottsch-minecraft-GottschCore/master/GottschCore1.12.2/update.json
2020-02-25 12:44:22,908 [Server thread] INFO GottschCore | VersionChecker.java:110 | [treasure2] Starting version check at https://raw.githubusercontent.com/gottsch/gottsch-minecraft-Treasure/master/Treasure2-1.12.2/update.json
2020-02-25 12:50:45,342 [Server thread] ERROR GottschCore | AbstractResourceManager.java:173 | Unable to locate resource /structures/treasure2/float/
2020-02-25 12:50:45,453 [Server thread] INFO GottschCore | VersionChecker.java:110 | [gottschcore] Starting version check at https://raw.githubusercontent.com/gottsch/gottsch-minecraft-GottschCore/master/GottschCore1.12.2/update.json
2020-02-25 12:50:45,522 [Server thread] INFO GottschCore | VersionChecker.java:110 | [treasure2] Starting version check at https://raw.githubusercontent.com/gottsch/gottsch-minecraft-Treasure/master/Treasure2-1.12.2/update.json
2020-02-25 13:49:32,909 [Server thread] ERROR GottschCore | AbstractResourceManager.java:173 | Unable to locate resource /structures/treasure2/float/
2020-02-25 13:49:33,494 [Server thread] INFO GottschCore | VersionChecker.java:110 | [gottschcore] Starting version check at https://raw.githubusercontent.com/gottsch/gottsch-minecraft-GottschCore/master/GottschCore1.12.2/update.json
2020-02-25 13:49:33,633 [Server thread] INFO GottschCore | VersionChecker.java:110 | [treasure2] Starting version check at https://raw.githubusercontent.com/gottsch/gottsch-minecraft-Treasure/master/Treasure2-1.12.2/update.json
2020-02-25 17:19:06,558 [Server thread] ERROR GottschCore | AbstractResourceManager.java:173 | Unable to locate resource /structures/treasure2/float/
2020-02-25 17:19:06,763 [Server thread] INFO GottschCore | VersionChecker.java:110 | [gottschcore] Starting version check at https://raw.githubusercontent.com/gottsch/gottsch-minecraft-GottschCore/master/GottschCore1.12.2/update.json
2020-02-25 17:19:06,837 [Server thread] INFO GottschCore | VersionChecker.java:110 | [treasure2] Starting version check at https://raw.githubusercontent.com/gottsch/gottsch-minecraft-Treasure/master/Treasure2-1.12.2/update.json
2020-02-25 17:51:21,973 [Server thread] ERROR GottschCore | AbstractResourceManager.java:173 | Unable to locate resource /structures/treasure2/float/
2020-02-25 17:51:22,068 [Server thread] INFO GottschCore | VersionChecker.java:110 | [gottschcore] Starting version check at https://raw.githubusercontent.com/gottsch/gottsch-minecraft-GottschCore/master/GottschCore1.12.2/update.json
2020-02-25 17:51:22,137 [Server thread] INFO GottschCore | VersionChecker.java:110 | [treasure2] Starting version check at https://raw.githubusercontent.com/gottsch/gottsch-minecraft-Treasure/master/Treasure2-1.12.2/update.json
2020-02-25 23:33:29,048 [Server thread] ERROR GottschCore | AbstractResourceManager.java:173 | Unable to locate resource /structures/treasure2/float/
2020-02-25 23:33:29,182 [Server thread] INFO GottschCore | VersionChecker.java:110 | [gottschcore] Starting version check at https://raw.githubusercontent.com/gottsch/gottsch-minecraft-GottschCore/master/GottschCore1.12.2/update.json
2020-02-25 23:33:29,249 [Server thread] INFO GottschCore | VersionChecker.java:110 | [treasure2] Starting version check at https://raw.githubusercontent.com/gottsch/gottsch-minecraft-Treasure/master/Treasure2-1.12.2/update.json
2020-02-25 23:58:17,180 [Server thread] ERROR GottschCore | AbstractResourceManager.java:173 | Unable to locate resource /structures/treasure2/float/
2020-02-25 23:58:17,753 [Server thread] INFO GottschCore | VersionChecker.java:110 | [gottschcore] Starting version check at https://raw.githubusercontent.com/gottsch/gottsch-minecraft-GottschCore/master/GottschCore1.12.2/update.json
2020-02-25 23:58:18,078 [Server thread] INFO GottschCore | VersionChecker.java:110 | [treasure2] Starting version check at https://raw.githubusercontent.com/gottsch/gottsch-minecraft-Treasure/master/Treasure2-1.12.2/update.json
2020-02-26 00:28:43,351 [Server thread] ERROR GottschCore | AbstractResourceManager.java:173 | Unable to locate resource /structures/treasure2/float/
2020-02-26 00:28:43,444 [Server thread] INFO GottschCore | VersionChecker.java:110 | [gottschcore] Starting version check at https://raw.githubusercontent.com/gottsch/gottsch-minecraft-GottschCore/master/GottschCore1.12.2/update.json
2020-02-26 00:28:43,509 [Server thread] INFO GottschCore | VersionChecker.java:110 | [treasure2] Starting version check at https://raw.githubusercontent.com/gottsch/gottsch-minecraft-Treasure/master/Treasure2-1.12.2/update.json
2020-02-26 00:31:42,110 [Server thread] ERROR GottschCore | AbstractResourceManager.java:173 | Unable to locate resource /structures/treasure2/float/
2020-02-26 00:31:42,232 [Server thread] INFO GottschCore | VersionChecker.java:110 | [gottschcore] Starting version check at https://raw.githubusercontent.com/gottsch/gottsch-minecraft-GottschCore/master/GottschCore1.12.2/update.json
2020-02-26 00:31:42,313 [Server thread] INFO GottschCore | VersionChecker.java:110 | [treasure2] Starting version check at https://raw.githubusercontent.com/gottsch/gottsch-minecraft-Treasure/master/Treasure2-1.12.2/update.json
2020-02-26 13:07:18,383 [Server thread] ERROR GottschCore | AbstractResourceManager.java:173 | Unable to locate resource /structures/treasure2/float/
2020-02-26 13:07:18,670 [Server thread] INFO GottschCore | VersionChecker.java:110 | [gottschcore] Starting version check at https://raw.githubusercontent.com/gottsch/gottsch-minecraft-GottschCore/master/GottschCore1.12.2/update.json
2020-02-26 13:07:18,740 [Server thread] INFO GottschCore | VersionChecker.java:110 | [treasure2] Starting version check at https://raw.githubusercontent.com/gottsch/gottsch-minecraft-Treasure/master/Treasure2-1.12.2/update.json
