[00:00:25] [Server thread/INFO] [net.minecraft.network.NetHandlerPlayServer]: SrPaPau lost connection: Disconnected
[00:00:25] [Server thread/INFO] [net.minecraft.server.dedicated.DedicatedServer]: SrPaPau left the game
[00:00:52] [Server thread/INFO] [net.minecraft.network.NetHandlerPlayServer]: derdariors lost connection: Disconnected
[00:01:06] [Server thread/INFO] [net.minecraft.server.dedicated.DedicatedServer]: derdariors left the game
[00:01:06] [Server thread/WARN] [net.minecraft.server.MinecraftServer]: Can't keep up! Did the system time change, or is the server overloaded? Running 14215ms behind, skipping 284 tick(s)
[00:01:06] [Server thread/WARN] [net.minecraft.network.NetHandlerPlayServer]: Calvo_ENP moved too quickly! 0.5973396508466067,0.0,10.235889488089924
[00:01:06] [Server thread/WARN] [net.minecraft.network.NetHandlerPlayServer]: ihernandez97 moved too quickly! -9.29790701486445,1.5,3.7196406343009585
[00:01:11] [Server thread/INFO] [net.minecraft.network.NetHandlerPlayServer]: ihernandez97 lost connection: Disconnected
[00:01:11] [Server thread/INFO] [net.minecraft.server.dedicated.DedicatedServer]: ihernandez97 left the game
[00:01:16] [Server thread/INFO] [net.minecraft.network.NetHandlerPlayServer]: DJ_S3RGI lost connection: Disconnected
[00:01:16] [Server thread/INFO] [net.minecraft.server.dedicated.DedicatedServer]: DJ_S3RGI left the game
[00:01:19] [Server thread/INFO] [net.minecraft.server.dedicated.DedicatedServer]: Stopping the server
[00:01:19] [Server thread/INFO] [net.minecraft.server.MinecraftServer]: Stopping server
[00:01:19] [Server thread/INFO] [net.minecraft.server.MinecraftServer]: Saving players
[00:01:19] [Server thread/INFO] [net.minecraft.server.MinecraftServer]: Saving worlds
[00:01:19] [Server thread/INFO] [net.minecraft.server.MinecraftServer]: Saving chunks for level 'maming'/overworld
[00:01:20] [Server thread/INFO] [net.minecraft.server.MinecraftServer]: Saving chunks for level 'maming'/ExtraUtils2_Quarry_Dim
[00:01:20] [Server thread/INFO] [FML]: Unloading dimension 0
[00:01:20] [Server thread/INFO] [FML]: Unloading dimension -9999
[00:01:20] [Server Shutdown Thread/INFO] [net.minecraft.server.MinecraftServer]: Stopping server
[00:01:20] [Server Shutdown Thread/INFO] [net.minecraft.server.MinecraftServer]: Saving players
[00:01:20] [Server Shutdown Thread/INFO] [net.minecraft.network.NetHandlerPlayServer]: Calvo_ENP lost connection: Server closed
[00:01:20] [Server Shutdown Thread/INFO] [net.minecraft.server.dedicated.DedicatedServer]: Calvo_ENP left the game
[00:01:20] [Server Shutdown Thread/INFO] [net.minecraft.server.MinecraftServer]: Saving worlds
